2016-11-16 10:44:18,379 [Worker-2] INFO  c.g.t.t.d.PublishedGradleVersions - Gradle version information cache is up-to-date. Trying to read.
2016-11-16 10:47:12,954 [Worker-11] INFO  o.e.m.c.i.l.LifecycleMappingFactory - Using org.eclipse.m2e.jdt.JarLifecycleMapping lifecycle mapping for MavenProject: Project_DAD:Project_DAD:0.0.1-SNAPSHOT @ C:\Users\acrox\OneDrive\Documentos\GitHub\Project_DAD\Project_DAD\pom.xml.
2016-11-16 10:47:16,499 [Worker-10] WARN  o.e.m.c.i.embedder.EclipseLogger - Using platform encoding (Cp1252 actually) to copy filtered resources, i.e. build is platform dependent!
2016-11-16 10:47:16,624 [Worker-10] INFO  o.e.m.c.i.embedder.EclipseLogger - skip non existing resourceDirectory C:\Users\acrox\OneDrive\Documentos\GitHub\Project_DAD\Project_DAD\src\main\resources
2016-11-16 10:47:16,633 [Worker-10] WARN  o.e.m.c.i.embedder.EclipseLogger - Using platform encoding (Cp1252 actually) to copy filtered resources, i.e. build is platform dependent!
2016-11-16 10:47:16,644 [Worker-10] INFO  o.e.m.c.i.embedder.EclipseLogger - skip non existing resourceDirectory C:\Users\acrox\OneDrive\Documentos\GitHub\Project_DAD\Project_DAD\src\test\resources
2016-11-16 10:47:16,652 [Worker-11] INFO  o.e.m.j.i.AbstractJavaProjectConfigurator - Adding source folder /Project_DAD/src
2016-11-16 10:47:16,654 [Worker-11] INFO  o.e.m.j.i.AbstractJavaProjectConfigurator - Not adding source folder /Project_DAD/src/test/java because it overlaps with /Project_DAD/src
2016-11-16 10:47:16,850 [Worker-11] INFO  o.e.m.c.i.p.ProjectConfigurationManager - Update started
2016-11-16 10:47:17,477 [Worker-11] INFO  o.e.m.c.i.l.LifecycleMappingFactory - Using org.eclipse.m2e.jdt.JarLifecycleMapping lifecycle mapping for MavenProject: Project_DAD:Project_DAD:0.0.1-SNAPSHOT @ C:\Users\acrox\OneDrive\Documentos\GitHub\Project_DAD\Project_DAD\pom.xml.
2016-11-16 10:47:18,173 [Worker-1] WARN  o.e.m.c.i.embedder.EclipseLogger - Using platform encoding (Cp1252 actually) to copy filtered resources, i.e. build is platform dependent!
2016-11-16 10:47:18,182 [Worker-1] INFO  o.e.m.c.i.embedder.EclipseLogger - skip non existing resourceDirectory C:\Users\acrox\OneDrive\Documentos\GitHub\Project_DAD\Project_DAD\src\main\resources
2016-11-16 10:47:18,186 [Worker-1] WARN  o.e.m.c.i.embedder.EclipseLogger - Using platform encoding (Cp1252 actually) to copy filtered resources, i.e. build is platform dependent!
2016-11-16 10:47:18,202 [Worker-1] INFO  o.e.m.c.i.embedder.EclipseLogger - skip non existing resourceDirectory C:\Users\acrox\OneDrive\Documentos\GitHub\Project_DAD\Project_DAD\src\test\resources
2016-11-16 10:47:18,216 [Worker-11] INFO  o.e.m.j.i.AbstractJavaProjectConfigurator - Adding source folder /Project_DAD/src
2016-11-16 10:47:18,217 [Worker-11] INFO  o.e.m.j.i.AbstractJavaProjectConfigurator - Not adding source folder /Project_DAD/src/test/java because it overlaps with /Project_DAD/src
2016-11-16 10:47:18,323 [Worker-11] INFO  o.e.m.c.i.p.ProjectConfigurationManager - Update completed: 1 sec
2016-11-16 10:47:19,227 [Worker-0] WARN  o.e.m.c.i.embedder.EclipseLogger - Using platform encoding (Cp1252 actually) to copy filtered resources, i.e. build is platform dependent!
2016-11-16 10:47:19,244 [Worker-0] INFO  o.e.m.c.i.embedder.EclipseLogger - skip non existing resourceDirectory C:\Users\acrox\OneDrive\Documentos\GitHub\Project_DAD\Project_DAD\src\main\resources
2016-11-16 10:47:19,246 [Worker-0] WARN  o.e.m.c.i.embedder.EclipseLogger - Using platform encoding (Cp1252 actually) to copy filtered resources, i.e. build is platform dependent!
2016-11-16 10:47:19,263 [Worker-0] INFO  o.e.m.c.i.embedder.EclipseLogger - skip non existing resourceDirectory C:\Users\acrox\OneDrive\Documentos\GitHub\Project_DAD\Project_DAD\src\test\resources
2016-11-16 10:57:50,712 [Worker-8] WARN  o.e.m.c.i.embedder.EclipseLogger - Using platform encoding (Cp1252 actually) to copy filtered resources, i.e. build is platform dependent!
2016-11-16 10:57:50,719 [Worker-8] INFO  o.e.m.c.i.embedder.EclipseLogger - skip non existing resourceDirectory C:\Users\acrox\OneDrive\Documentos\GitHub\Project_DAD\Project_DAD\src\main\resources
2016-11-16 10:57:50,726 [Worker-8] WARN  o.e.m.c.i.embedder.EclipseLogger - Using platform encoding (Cp1252 actually) to copy filtered resources, i.e. build is platform dependent!
2016-11-16 10:57:50,735 [Worker-8] INFO  o.e.m.c.i.embedder.EclipseLogger - skip non existing resourceDirectory C:\Users\acrox\OneDrive\Documentos\GitHub\Project_DAD\Project_DAD\src\test\resources
2016-11-16 10:59:50,567 [Worker-5] INFO  o.e.m.c.i.l.LifecycleMappingFactory - Using org.eclipse.m2e.jdt.JarLifecycleMapping lifecycle mapping for MavenProject: Project_DAD:Project_DAD:0.0.1-SNAPSHOT @ C:\Users\acrox\OneDrive\Documentos\GitHub\Project_DAD\Project_DAD\pom.xml.
2016-11-16 10:59:52,160 [Worker-5] INFO  o.e.m.c.i.e.AbstractTransferListenerAdapter - Downloading https://repo.maven.apache.org/maven2/org/quartz-scheduler/quartz/2.2.1/quartz-2.2.1.pom
2016-11-16 10:59:52,315 [Worker-5] INFO  o.e.m.c.i.e.AbstractTransferListenerAdapter - Downloaded https://repo.maven.apache.org/maven2/org/quartz-scheduler/quartz/2.2.1/quartz-2.2.1.pom
2016-11-16 10:59:52,448 [Worker-5] INFO  o.e.m.c.i.e.AbstractTransferListenerAdapter - Downloading https://repo.maven.apache.org/maven2/org/quartz-scheduler/quartz-parent/2.2.1/quartz-parent-2.2.1.pom
2016-11-16 10:59:52,597 [Worker-5] INFO  o.e.m.c.i.e.AbstractTransferListenerAdapter - Downloaded https://repo.maven.apache.org/maven2/org/quartz-scheduler/quartz-parent/2.2.1/quartz-parent-2.2.1.pom
2016-11-16 10:59:52,741 [Worker-5] INFO  o.e.m.c.i.e.AbstractTransferListenerAdapter - Downloading https://repo.maven.apache.org/maven2/c3p0/c3p0/0.9.1.1/c3p0-0.9.1.1.pom
2016-11-16 10:59:52,856 [Worker-5] INFO  o.e.m.c.i.e.AbstractTransferListenerAdapter - Downloaded https://repo.maven.apache.org/maven2/c3p0/c3p0/0.9.1.1/c3p0-0.9.1.1.pom
2016-11-16 10:59:52,976 [Worker-5] INFO  o.e.m.c.i.e.AbstractTransferListenerAdapter - Downloading https://repo.maven.apache.org/maven2/org/slf4j/slf4j-api/1.6.6/slf4j-api-1.6.6.pom
2016-11-16 10:59:53,146 [Worker-5] INFO  o.e.m.c.i.e.AbstractTransferListenerAdapter - Downloaded https://repo.maven.apache.org/maven2/org/slf4j/slf4j-api/1.6.6/slf4j-api-1.6.6.pom
2016-11-16 10:59:53,249 [Worker-5] INFO  o.e.m.c.i.e.AbstractTransferListenerAdapter - Downloading https://repo.maven.apache.org/maven2/org/slf4j/slf4j-parent/1.6.6/slf4j-parent-1.6.6.pom
2016-11-16 10:59:53,399 [Worker-5] INFO  o.e.m.c.i.e.AbstractTransferListenerAdapter - Downloaded https://repo.maven.apache.org/maven2/org/slf4j/slf4j-parent/1.6.6/slf4j-parent-1.6.6.pom
2016-11-16 10:59:53,466 [Worker-5] INFO  o.e.m.c.i.e.AbstractTransferListenerAdapter - Downloading https://repo.maven.apache.org/maven2/org/quartz-scheduler/quartz-jobs/2.2.1/quartz-jobs-2.2.1.pom
2016-11-16 10:59:53,546 [Worker-5] INFO  o.e.m.c.i.e.AbstractTransferListenerAdapter - Downloaded https://repo.maven.apache.org/maven2/org/quartz-scheduler/quartz-jobs/2.2.1/quartz-jobs-2.2.1.pom
2016-11-16 10:59:53,626 [Worker-5] INFO  o.e.m.c.i.e.AbstractTransferListenerAdapter - Downloading https://repo.maven.apache.org/maven2/org/quartz-scheduler/quartz/2.2.1/quartz-2.2.1.jar
2016-11-16 10:59:54,075 [Worker-5] INFO  o.e.m.c.i.e.AbstractTransferListenerAdapter - Downloaded https://repo.maven.apache.org/maven2/org/quartz-scheduler/quartz/2.2.1/quartz-2.2.1.jar
2016-11-16 10:59:54,138 [Worker-5] INFO  o.e.m.c.i.e.AbstractTransferListenerAdapter - Downloading https://repo.maven.apache.org/maven2/c3p0/c3p0/0.9.1.1/c3p0-0.9.1.1.jar
2016-11-16 10:59:54,360 [Worker-5] INFO  o.e.m.c.i.e.AbstractTransferListenerAdapter - Downloaded https://repo.maven.apache.org/maven2/c3p0/c3p0/0.9.1.1/c3p0-0.9.1.1.jar
2016-11-16 10:59:54,418 [Worker-5] INFO  o.e.m.c.i.e.AbstractTransferListenerAdapter - Downloading https://repo.maven.apache.org/maven2/org/slf4j/slf4j-api/1.6.6/slf4j-api-1.6.6.jar
2016-11-16 10:59:54,712 [Worker-5] INFO  o.e.m.c.i.e.AbstractTransferListenerAdapter - Downloaded https://repo.maven.apache.org/maven2/org/slf4j/slf4j-api/1.6.6/slf4j-api-1.6.6.jar
2016-11-16 10:59:54,782 [Worker-5] INFO  o.e.m.c.i.e.AbstractTransferListenerAdapter - Downloading https://repo.maven.apache.org/maven2/org/quartz-scheduler/quartz-jobs/2.2.1/quartz-jobs-2.2.1.jar
2016-11-16 10:59:55,605 [Worker-5] INFO  o.e.m.c.i.e.AbstractTransferListenerAdapter - Downloaded https://repo.maven.apache.org/maven2/org/quartz-scheduler/quartz-jobs/2.2.1/quartz-jobs-2.2.1.jar
2016-11-16 11:00:00,788 [Worker-5] WARN  o.e.m.c.i.embedder.EclipseLogger - Using platform encoding (Cp1252 actually) to copy filtered resources, i.e. build is platform dependent!
2016-11-16 11:00:00,793 [Worker-5] INFO  o.e.m.c.i.embedder.EclipseLogger - skip non existing resourceDirectory C:\Users\acrox\OneDrive\Documentos\GitHub\Project_DAD\Project_DAD\src\main\resources
2016-11-16 11:00:00,799 [Worker-5] WARN  o.e.m.c.i.embedder.EclipseLogger - Using platform encoding (Cp1252 actually) to copy filtered resources, i.e. build is platform dependent!
2016-11-16 11:00:00,809 [Worker-5] INFO  o.e.m.c.i.embedder.EclipseLogger - skip non existing resourceDirectory C:\Users\acrox\OneDrive\Documentos\GitHub\Project_DAD\Project_DAD\src\test\resources
2016-11-16 11:00:01,951 [Worker-5] WARN  o.e.m.c.i.embedder.EclipseLogger - Using platform encoding (Cp1252 actually) to copy filtered resources, i.e. build is platform dependent!
2016-11-16 11:00:01,960 [Worker-5] INFO  o.e.m.c.i.embedder.EclipseLogger - skip non existing resourceDirectory C:\Users\acrox\OneDrive\Documentos\GitHub\Project_DAD\Project_DAD\src\main\resources
2016-11-16 11:00:01,968 [Worker-5] WARN  o.e.m.c.i.embedder.EclipseLogger - Using platform encoding (Cp1252 actually) to copy filtered resources, i.e. build is platform dependent!
2016-11-16 11:00:01,981 [Worker-5] INFO  o.e.m.c.i.embedder.EclipseLogger - skip non existing resourceDirectory C:\Users\acrox\OneDrive\Documentos\GitHub\Project_DAD\Project_DAD\src\test\resources
2016-11-16 11:00:55,226 [Worker-14] WARN  o.e.m.c.i.embedder.EclipseLogger - Using platform encoding (Cp1252 actually) to copy filtered resources, i.e. build is platform dependent!
2016-11-16 11:00:55,239 [Worker-14] INFO  o.e.m.c.i.embedder.EclipseLogger - skip non existing resourceDirectory C:\Users\acrox\OneDrive\Documentos\GitHub\Project_DAD\Project_DAD\src\main\resources
2016-11-16 11:00:55,253 [Worker-14] WARN  o.e.m.c.i.embedder.EclipseLogger - Using platform encoding (Cp1252 actually) to copy filtered resources, i.e. build is platform dependent!
2016-11-16 11:00:55,276 [Worker-14] INFO  o.e.m.c.i.embedder.EclipseLogger - skip non existing resourceDirectory C:\Users\acrox\OneDrive\Documentos\GitHub\Project_DAD\Project_DAD\src\test\resources
2016-11-16 11:01:12,384 [Worker-15] WARN  o.e.m.c.i.embedder.EclipseLogger - Using platform encoding (Cp1252 actually) to copy filtered resources, i.e. build is platform dependent!
2016-11-16 11:01:12,392 [Worker-15] INFO  o.e.m.c.i.embedder.EclipseLogger - skip non existing resourceDirectory C:\Users\acrox\OneDrive\Documentos\GitHub\Project_DAD\Project_DAD\src\main\resources
2016-11-16 11:01:12,401 [Worker-15] WARN  o.e.m.c.i.embedder.EclipseLogger - Using platform encoding (Cp1252 actually) to copy filtered resources, i.e. build is platform dependent!
2016-11-16 11:01:12,412 [Worker-15] INFO  o.e.m.c.i.embedder.EclipseLogger - skip non existing resourceDirectory C:\Users\acrox\OneDrive\Documentos\GitHub\Project_DAD\Project_DAD\src\test\resources
2016-11-16 11:01:31,416 [Worker-8] WARN  o.e.m.c.i.embedder.EclipseLogger - Using platform encoding (Cp1252 actually) to copy filtered resources, i.e. build is platform dependent!
2016-11-16 11:01:31,424 [Worker-8] INFO  o.e.m.c.i.embedder.EclipseLogger - skip non existing resourceDirectory C:\Users\acrox\OneDrive\Documentos\GitHub\Project_DAD\Project_DAD\src\main\resources
2016-11-16 11:01:31,434 [Worker-8] WARN  o.e.m.c.i.embedder.EclipseLogger - Using platform encoding (Cp1252 actually) to copy filtered resources, i.e. build is platform dependent!
2016-11-16 11:01:31,447 [Worker-8] INFO  o.e.m.c.i.embedder.EclipseLogger - skip non existing resourceDirectory C:\Users\acrox\OneDrive\Documentos\GitHub\Project_DAD\Project_DAD\src\test\resources
2016-11-16 11:01:41,441 [Worker-8] WARN  o.e.m.c.i.embedder.EclipseLogger - Using platform encoding (Cp1252 actually) to copy filtered resources, i.e. build is platform dependent!
2016-11-16 11:01:41,488 [Worker-8] INFO  o.e.m.c.i.embedder.EclipseLogger - skip non existing resourceDirectory C:\Users\acrox\OneDrive\Documentos\GitHub\Project_DAD\Project_DAD\src\main\resources
2016-11-16 11:01:41,497 [Worker-8] WARN  o.e.m.c.i.embedder.EclipseLogger - Using platform encoding (Cp1252 actually) to copy filtered resources, i.e. build is platform dependent!
2016-11-16 11:01:41,519 [Worker-8] INFO  o.e.m.c.i.embedder.EclipseLogger - skip non existing resourceDirectory C:\Users\acrox\OneDrive\Documentos\GitHub\Project_DAD\Project_DAD\src\test\resources
2016-11-16 11:05:15,046 [Worker-14] WARN  o.e.m.c.i.embedder.EclipseLogger - Using platform encoding (Cp1252 actually) to copy filtered resources, i.e. build is platform dependent!
2016-11-16 11:05:15,051 [Worker-14] INFO  o.e.m.c.i.embedder.EclipseLogger - skip non existing resourceDirectory C:\Users\acrox\OneDrive\Documentos\GitHub\Project_DAD\Project_DAD\src\main\resources
2016-11-16 11:05:15,057 [Worker-14] WARN  o.e.m.c.i.embedder.EclipseLogger - Using platform encoding (Cp1252 actually) to copy filtered resources, i.e. build is platform dependent!
2016-11-16 11:05:15,068 [Worker-14] INFO  o.e.m.c.i.embedder.EclipseLogger - skip non existing resourceDirectory C:\Users\acrox\OneDrive\Documentos\GitHub\Project_DAD\Project_DAD\src\test\resources
2016-11-16 11:05:42,260 [Worker-16] WARN  o.e.m.c.i.embedder.EclipseLogger - Using platform encoding (Cp1252 actually) to copy filtered resources, i.e. build is platform dependent!
2016-11-16 11:05:42,334 [Worker-16] INFO  o.e.m.c.i.embedder.EclipseLogger - skip non existing resourceDirectory C:\Users\acrox\OneDrive\Documentos\GitHub\Project_DAD\Project_DAD\src\main\resources
2016-11-16 11:05:42,344 [Worker-16] WARN  o.e.m.c.i.embedder.EclipseLogger - Using platform encoding (Cp1252 actually) to copy filtered resources, i.e. build is platform dependent!
2016-11-16 11:05:42,390 [Worker-16] INFO  o.e.m.c.i.embedder.EclipseLogger - skip non existing resourceDirectory C:\Users\acrox\OneDrive\Documentos\GitHub\Project_DAD\Project_DAD\src\test\resources
2016-11-16 11:07:29,611 [Worker-14] WARN  o.e.m.c.i.embedder.EclipseLogger - Using platform encoding (Cp1252 actually) to copy filtered resources, i.e. build is platform dependent!
2016-11-16 11:07:29,630 [Worker-14] INFO  o.e.m.c.i.embedder.EclipseLogger - skip non existing resourceDirectory C:\Users\acrox\OneDrive\Documentos\GitHub\Project_DAD\Project_DAD\src\main\resources
2016-11-16 11:07:29,639 [Worker-14] WARN  o.e.m.c.i.embedder.EclipseLogger - Using platform encoding (Cp1252 actually) to copy filtered resources, i.e. build is platform dependent!
2016-11-16 11:07:29,653 [Worker-14] INFO  o.e.m.c.i.embedder.EclipseLogger - skip non existing resourceDirectory C:\Users\acrox\OneDrive\Documentos\GitHub\Project_DAD\Project_DAD\src\test\resources
2016-11-16 11:12:06,135 [Worker-0] WARN  o.e.m.c.i.embedder.EclipseLogger - Using platform encoding (Cp1252 actually) to copy filtered resources, i.e. build is platform dependent!
2016-11-16 11:12:06,142 [Worker-0] INFO  o.e.m.c.i.embedder.EclipseLogger - skip non existing resourceDirectory C:\Users\acrox\OneDrive\Documentos\GitHub\Project_DAD\Project_DAD\src\main\resources
2016-11-16 11:12:06,149 [Worker-0] WARN  o.e.m.c.i.embedder.EclipseLogger - Using platform encoding (Cp1252 actually) to copy filtered resources, i.e. build is platform dependent!
2016-11-16 11:12:06,157 [Worker-0] INFO  o.e.m.c.i.embedder.EclipseLogger - skip non existing resourceDirectory C:\Users\acrox\OneDrive\Documentos\GitHub\Project_DAD\Project_DAD\src\test\resources
2016-11-16 11:13:40,750 [Worker-19] WARN  o.e.m.c.i.embedder.EclipseLogger - Using platform encoding (Cp1252 actually) to copy filtered resources, i.e. build is platform dependent!
2016-11-16 11:13:40,758 [Worker-19] INFO  o.e.m.c.i.embedder.EclipseLogger - skip non existing resourceDirectory C:\Users\acrox\OneDrive\Documentos\GitHub\Project_DAD\Project_DAD\src\main\resources
2016-11-16 11:13:40,767 [Worker-19] WARN  o.e.m.c.i.embedder.EclipseLogger - Using platform encoding (Cp1252 actually) to copy filtered resources, i.e. build is platform dependent!
2016-11-16 11:13:40,779 [Worker-19] INFO  o.e.m.c.i.embedder.EclipseLogger - skip non existing resourceDirectory C:\Users\acrox\OneDrive\Documentos\GitHub\Project_DAD\Project_DAD\src\test\resources
2016-11-16 11:14:20,181 [Worker-19] WARN  o.e.m.c.i.embedder.EclipseLogger - Using platform encoding (Cp1252 actually) to copy filtered resources, i.e. build is platform dependent!
2016-11-16 11:14:20,187 [Worker-19] INFO  o.e.m.c.i.embedder.EclipseLogger - skip non existing resourceDirectory C:\Users\acrox\OneDrive\Documentos\GitHub\Project_DAD\Project_DAD\src\main\resources
2016-11-16 11:14:20,193 [Worker-19] WARN  o.e.m.c.i.embedder.EclipseLogger - Using platform encoding (Cp1252 actually) to copy filtered resources, i.e. build is platform dependent!
2016-11-16 11:14:20,203 [Worker-19] INFO  o.e.m.c.i.embedder.EclipseLogger - skip non existing resourceDirectory C:\Users\acrox\OneDrive\Documentos\GitHub\Project_DAD\Project_DAD\src\test\resources
2016-11-16 11:15:46,945 [Worker-0] WARN  o.e.m.c.i.embedder.EclipseLogger - Using platform encoding (Cp1252 actually) to copy filtered resources, i.e. build is platform dependent!
2016-11-16 11:15:46,953 [Worker-0] INFO  o.e.m.c.i.embedder.EclipseLogger - skip non existing resourceDirectory C:\Users\acrox\OneDrive\Documentos\GitHub\Project_DAD\Project_DAD\src\main\resources
2016-11-16 11:15:46,960 [Worker-0] WARN  o.e.m.c.i.embedder.EclipseLogger - Using platform encoding (Cp1252 actually) to copy filtered resources, i.e. build is platform dependent!
2016-11-16 11:15:46,973 [Worker-0] INFO  o.e.m.c.i.embedder.EclipseLogger - skip non existing resourceDirectory C:\Users\acrox\OneDrive\Documentos\GitHub\Project_DAD\Project_DAD\src\test\resources
2016-11-16 11:16:26,120 [Worker-5] WARN  o.e.m.c.i.embedder.EclipseLogger - Using platform encoding (Cp1252 actually) to copy filtered resources, i.e. build is platform dependent!
2016-11-16 11:16:26,124 [Worker-5] INFO  o.e.m.c.i.embedder.EclipseLogger - skip non existing resourceDirectory C:\Users\acrox\OneDrive\Documentos\GitHub\Project_DAD\Project_DAD\src\main\resources
2016-11-16 11:16:26,129 [Worker-5] WARN  o.e.m.c.i.embedder.EclipseLogger - Using platform encoding (Cp1252 actually) to copy filtered resources, i.e. build is platform dependent!
2016-11-16 11:16:26,139 [Worker-5] INFO  o.e.m.c.i.embedder.EclipseLogger - skip non existing resourceDirectory C:\Users\acrox\OneDrive\Documentos\GitHub\Project_DAD\Project_DAD\src\test\resources
2016-11-16 11:16:35,574 [Worker-0] WARN  o.e.m.c.i.embedder.EclipseLogger - Using platform encoding (Cp1252 actually) to copy filtered resources, i.e. build is platform dependent!
2016-11-16 11:16:35,584 [Worker-0] INFO  o.e.m.c.i.embedder.EclipseLogger - skip non existing resourceDirectory C:\Users\acrox\OneDrive\Documentos\GitHub\Project_DAD\Project_DAD\src\main\resources
2016-11-16 11:16:35,597 [Worker-0] WARN  o.e.m.c.i.embedder.EclipseLogger - Using platform encoding (Cp1252 actually) to copy filtered resources, i.e. build is platform dependent!
2016-11-16 11:16:35,612 [Worker-0] INFO  o.e.m.c.i.embedder.EclipseLogger - skip non existing resourceDirectory C:\Users\acrox\OneDrive\Documentos\GitHub\Project_DAD\Project_DAD\src\test\resources
2016-11-16 11:16:43,211 [Worker-8] WARN  o.e.m.c.i.embedder.EclipseLogger - Using platform encoding (Cp1252 actually) to copy filtered resources, i.e. build is platform dependent!
2016-11-16 11:16:43,233 [Worker-8] INFO  o.e.m.c.i.embedder.EclipseLogger - skip non existing resourceDirectory C:\Users\acrox\OneDrive\Documentos\GitHub\Project_DAD\Project_DAD\src\main\resources
2016-11-16 11:16:43,240 [Worker-8] WARN  o.e.m.c.i.embedder.EclipseLogger - Using platform encoding (Cp1252 actually) to copy filtered resources, i.e. build is platform dependent!
2016-11-16 11:16:43,249 [Worker-8] INFO  o.e.m.c.i.embedder.EclipseLogger - skip non existing resourceDirectory C:\Users\acrox\OneDrive\Documentos\GitHub\Project_DAD\Project_DAD\src\test\resources
2016-11-16 11:25:44,269 [Worker-22] WARN  o.e.m.c.i.embedder.EclipseLogger - Using platform encoding (Cp1252 actually) to copy filtered resources, i.e. build is platform dependent!
2016-11-16 11:25:44,277 [Worker-22] INFO  o.e.m.c.i.embedder.EclipseLogger - skip non existing resourceDirectory C:\Users\acrox\OneDrive\Documentos\GitHub\Project_DAD\Project_DAD\src\main\resources
2016-11-16 11:25:44,287 [Worker-22] WARN  o.e.m.c.i.embedder.EclipseLogger - Using platform encoding (Cp1252 actually) to copy filtered resources, i.e. build is platform dependent!
2016-11-16 11:25:44,296 [Worker-22] INFO  o.e.m.c.i.embedder.EclipseLogger - skip non existing resourceDirectory C:\Users\acrox\OneDrive\Documentos\GitHub\Project_DAD\Project_DAD\src\test\resources
2016-11-16 11:28:01,817 [Worker-17] WARN  o.e.m.c.i.embedder.EclipseLogger - Using platform encoding (Cp1252 actually) to copy filtered resources, i.e. build is platform dependent!
2016-11-16 11:28:01,823 [Worker-17] INFO  o.e.m.c.i.embedder.EclipseLogger - skip non existing resourceDirectory C:\Users\acrox\OneDrive\Documentos\GitHub\Project_DAD\Project_DAD\src\main\resources
2016-11-16 11:28:01,834 [Worker-17] WARN  o.e.m.c.i.embedder.EclipseLogger - Using platform encoding (Cp1252 actually) to copy filtered resources, i.e. build is platform dependent!
2016-11-16 11:28:01,845 [Worker-17] INFO  o.e.m.c.i.embedder.EclipseLogger - skip non existing resourceDirectory C:\Users\acrox\OneDrive\Documentos\GitHub\Project_DAD\Project_DAD\src\test\resources
2016-11-16 11:52:16,423 [Worker-17] WARN  o.e.m.c.i.embedder.EclipseLogger - Using platform encoding (Cp1252 actually) to copy filtered resources, i.e. build is platform dependent!
2016-11-16 11:52:16,430 [Worker-17] INFO  o.e.m.c.i.embedder.EclipseLogger - skip non existing resourceDirectory C:\Users\acrox\OneDrive\Documentos\GitHub\Project_DAD\Project_DAD\src\main\resources
2016-11-16 11:52:16,438 [Worker-17] WARN  o.e.m.c.i.embedder.EclipseLogger - Using platform encoding (Cp1252 actually) to copy filtered resources, i.e. build is platform dependent!
2016-11-16 11:52:16,451 [Worker-17] INFO  o.e.m.c.i.embedder.EclipseLogger - skip non existing resourceDirectory C:\Users\acrox\OneDrive\Documentos\GitHub\Project_DAD\Project_DAD\src\test\resources
2016-11-16 11:53:55,790 [Worker-25] WARN  o.e.m.c.i.embedder.EclipseLogger - Using platform encoding (Cp1252 actually) to copy filtered resources, i.e. build is platform dependent!
2016-11-16 11:53:55,798 [Worker-25] INFO  o.e.m.c.i.embedder.EclipseLogger - skip non existing resourceDirectory C:\Users\acrox\OneDrive\Documentos\GitHub\Project_DAD\Project_DAD\src\main\resources
2016-11-16 11:53:55,809 [Worker-25] WARN  o.e.m.c.i.embedder.EclipseLogger - Using platform encoding (Cp1252 actually) to copy filtered resources, i.e. build is platform dependent!
2016-11-16 11:53:55,820 [Worker-25] INFO  o.e.m.c.i.embedder.EclipseLogger - skip non existing resourceDirectory C:\Users\acrox\OneDrive\Documentos\GitHub\Project_DAD\Project_DAD\src\test\resources
2016-11-16 11:59:52,560 [Worker-40] INFO  o.e.m.c.i.l.LifecycleMappingFactory - Using org.eclipse.m2e.jdt.JarLifecycleMapping lifecycle mapping for MavenProject: upf.dad.s2:JAXRS-Seminar2:0.0.1-SNAPSHOT @ C:\Users\acrox\OneDrive\Documentos\GitHub\Project_DAD\Project_DAD\pom.xml.
2016-11-16 11:59:54,797 [Worker-40] INFO  o.e.m.c.i.e.AbstractTransferListenerAdapter - Downloading https://repo.maven.apache.org/maven2/org/slf4j/slf4j-simple/1.6.1/slf4j-simple-1.6.1.pom
2016-11-16 11:59:54,912 [Worker-40] INFO  o.e.m.c.i.e.AbstractTransferListenerAdapter - Downloaded https://repo.maven.apache.org/maven2/org/slf4j/slf4j-simple/1.6.1/slf4j-simple-1.6.1.pom
2016-11-16 11:59:55,000 [Worker-40] INFO  o.e.m.c.i.e.AbstractTransferListenerAdapter - Downloading https://repo.maven.apache.org/maven2/org/slf4j/slf4j-parent/1.6.1/slf4j-parent-1.6.1.pom
2016-11-16 11:59:55,132 [Worker-40] INFO  o.e.m.c.i.e.AbstractTransferListenerAdapter - Downloaded https://repo.maven.apache.org/maven2/org/slf4j/slf4j-parent/1.6.1/slf4j-parent-1.6.1.pom
2016-11-16 11:59:55,191 [Worker-40] INFO  o.e.m.c.i.e.AbstractTransferListenerAdapter - Downloading https://repo.maven.apache.org/maven2/org/slf4j/slf4j-api/1.6.1/slf4j-api-1.6.1.pom
2016-11-16 11:59:55,284 [Worker-40] INFO  o.e.m.c.i.e.AbstractTransferListenerAdapter - Downloaded https://repo.maven.apache.org/maven2/org/slf4j/slf4j-api/1.6.1/slf4j-api-1.6.1.pom
2016-11-16 11:59:55,430 [Worker-40] INFO  o.e.m.c.i.e.AbstractTransferListenerAdapter - Downloading https://repo.maven.apache.org/maven2/org/slf4j/slf4j-simple/1.6.1/slf4j-simple-1.6.1.jar
2016-11-16 11:59:55,577 [Worker-40] INFO  o.e.m.c.i.e.AbstractTransferListenerAdapter - Downloaded https://repo.maven.apache.org/maven2/org/slf4j/slf4j-simple/1.6.1/slf4j-simple-1.6.1.jar
2016-11-16 11:59:59,131 [Worker-40] WARN  o.e.m.c.i.embedder.EclipseLogger - Using platform encoding (Cp1252 actually) to copy filtered resources, i.e. build is platform dependent!
2016-11-16 11:59:59,141 [Worker-40] INFO  o.e.m.c.i.embedder.EclipseLogger - skip non existing resourceDirectory C:\Users\acrox\OneDrive\Documentos\GitHub\Project_DAD\Project_DAD\src\main\resources
2016-11-16 11:59:59,147 [Worker-40] WARN  o.e.m.c.i.embedder.EclipseLogger - Using platform encoding (Cp1252 actually) to copy filtered resources, i.e. build is platform dependent!
2016-11-16 11:59:59,156 [Worker-40] INFO  o.e.m.c.i.embedder.EclipseLogger - skip non existing resourceDirectory C:\Users\acrox\OneDrive\Documentos\GitHub\Project_DAD\Project_DAD\src\test\resources
2016-11-16 12:00:05,089 [Worker-40] WARN  o.e.m.c.i.embedder.EclipseLogger - Using platform encoding (Cp1252 actually) to copy filtered resources, i.e. build is platform dependent!
2016-11-16 12:00:05,105 [Worker-40] INFO  o.e.m.c.i.embedder.EclipseLogger - skip non existing resourceDirectory C:\Users\acrox\OneDrive\Documentos\GitHub\Project_DAD\Project_DAD\src\main\resources
2016-11-16 12:00:05,112 [Worker-40] WARN  o.e.m.c.i.embedder.EclipseLogger - Using platform encoding (Cp1252 actually) to copy filtered resources, i.e. build is platform dependent!
2016-11-16 12:00:05,126 [Worker-40] INFO  o.e.m.c.i.embedder.EclipseLogger - skip non existing resourceDirectory C:\Users\acrox\OneDrive\Documentos\GitHub\Project_DAD\Project_DAD\src\test\resources
2016-11-16 12:00:51,210 [Worker-28] INFO  o.e.m.c.i.p.ProjectConfigurationManager - Update started
2016-11-16 12:00:51,732 [Worker-28] INFO  o.e.m.c.i.l.LifecycleMappingFactory - Using org.eclipse.m2e.jdt.JarLifecycleMapping lifecycle mapping for MavenProject: upf.dad.s2:JAXRS-Seminar2:0.0.1-SNAPSHOT @ C:\Users\acrox\OneDrive\Documentos\GitHub\Project_DAD\Project_DAD\pom.xml.
2016-11-16 12:00:52,433 [Worker-28] INFO  o.e.m.j.i.AbstractJavaProjectConfigurator - Not adding source folder /Project_DAD/src/main/java because it overlaps with /Project_DAD/src
2016-11-16 12:00:52,439 [Worker-28] INFO  o.e.m.j.i.AbstractJavaProjectConfigurator - Not adding source folder /Project_DAD/src/test/java because it overlaps with /Project_DAD/src
2016-11-16 12:00:52,769 [Worker-28] INFO  o.e.m.c.i.p.ProjectConfigurationManager - Update completed: 1 sec
2016-11-16 12:00:53,139 [Worker-33] WARN  o.e.m.c.i.embedder.EclipseLogger - Using platform encoding (Cp1252 actually) to copy filtered resources, i.e. build is platform dependent!
2016-11-16 12:00:53,147 [Worker-33] INFO  o.e.m.c.i.embedder.EclipseLogger - skip non existing resourceDirectory C:\Users\acrox\OneDrive\Documentos\GitHub\Project_DAD\Project_DAD\src\main\resources
2016-11-16 12:00:53,155 [Worker-33] WARN  o.e.m.c.i.embedder.EclipseLogger - Using platform encoding (Cp1252 actually) to copy filtered resources, i.e. build is platform dependent!
2016-11-16 12:00:53,162 [Worker-33] INFO  o.e.m.c.i.embedder.EclipseLogger - skip non existing resourceDirectory C:\Users\acrox\OneDrive\Documentos\GitHub\Project_DAD\Project_DAD\src\test\resources
2016-11-16 12:01:24,163 [Worker-46] WARN  o.e.m.c.i.embedder.EclipseLogger - Using platform encoding (Cp1252 actually) to copy filtered resources, i.e. build is platform dependent!
2016-11-16 12:01:24,169 [Worker-46] INFO  o.e.m.c.i.embedder.EclipseLogger - skip non existing resourceDirectory C:\Users\acrox\OneDrive\Documentos\GitHub\Project_DAD\Project_DAD\src\main\resources
2016-11-16 12:01:24,170 [Worker-46] WARN  o.e.m.c.i.embedder.EclipseLogger - Using platform encoding (Cp1252 actually) to copy filtered resources, i.e. build is platform dependent!
2016-11-16 12:01:24,183 [Worker-46] INFO  o.e.m.c.i.embedder.EclipseLogger - skip non existing resourceDirectory C:\Users\acrox\OneDrive\Documentos\GitHub\Project_DAD\Project_DAD\src\test\resources
2016-11-16 12:01:34,772 [Worker-49] WARN  o.e.m.c.i.embedder.EclipseLogger - Using platform encoding (Cp1252 actually) to copy filtered resources, i.e. build is platform dependent!
2016-11-16 12:01:34,780 [Worker-49] INFO  o.e.m.c.i.embedder.EclipseLogger - skip non existing resourceDirectory C:\Users\acrox\OneDrive\Documentos\GitHub\Project_DAD\Project_DAD\src\main\resources
2016-11-16 12:01:34,786 [Worker-49] WARN  o.e.m.c.i.embedder.EclipseLogger - Using platform encoding (Cp1252 actually) to copy filtered resources, i.e. build is platform dependent!
2016-11-16 12:01:34,791 [Worker-49] INFO  o.e.m.c.i.embedder.EclipseLogger - skip non existing resourceDirectory C:\Users\acrox\OneDrive\Documentos\GitHub\Project_DAD\Project_DAD\src\test\resources
2016-11-16 12:01:52,704 [Worker-24] WARN  o.e.m.c.i.embedder.EclipseLogger - Using platform encoding (Cp1252 actually) to copy filtered resources, i.e. build is platform dependent!
2016-11-16 12:01:52,709 [Worker-24] INFO  o.e.m.c.i.embedder.EclipseLogger - skip non existing resourceDirectory C:\Users\acrox\OneDrive\Documentos\GitHub\Project_DAD\Project_DAD\src\main\resources
2016-11-16 12:01:52,710 [Worker-24] WARN  o.e.m.c.i.embedder.EclipseLogger - Using platform encoding (Cp1252 actually) to copy filtered resources, i.e. build is platform dependent!
2016-11-16 12:01:52,715 [Worker-24] INFO  o.e.m.c.i.embedder.EclipseLogger - skip non existing resourceDirectory C:\Users\acrox\OneDrive\Documentos\GitHub\Project_DAD\Project_DAD\src\test\resources
2016-11-16 12:02:18,811 [Worker-36] WARN  o.e.m.c.i.embedder.EclipseLogger - Using platform encoding (Cp1252 actually) to copy filtered resources, i.e. build is platform dependent!
2016-11-16 12:02:18,821 [Worker-36] INFO  o.e.m.c.i.embedder.EclipseLogger - skip non existing resourceDirectory C:\Users\acrox\OneDrive\Documentos\GitHub\Project_DAD\Project_DAD\src\main\resources
2016-11-16 12:02:18,828 [Worker-36] WARN  o.e.m.c.i.embedder.EclipseLogger - Using platform encoding (Cp1252 actually) to copy filtered resources, i.e. build is platform dependent!
2016-11-16 12:02:18,844 [Worker-36] INFO  o.e.m.c.i.embedder.EclipseLogger - skip non existing resourceDirectory C:\Users\acrox\OneDrive\Documentos\GitHub\Project_DAD\Project_DAD\src\test\resources
2016-11-16 12:02:36,103 [Worker-24] WARN  o.e.m.c.i.embedder.EclipseLogger - Using platform encoding (Cp1252 actually) to copy filtered resources, i.e. build is platform dependent!
2016-11-16 12:02:36,108 [Worker-24] INFO  o.e.m.c.i.embedder.EclipseLogger - skip non existing resourceDirectory C:\Users\acrox\OneDrive\Documentos\GitHub\Project_DAD\Project_DAD\src\main\resources
2016-11-16 12:02:36,109 [Worker-24] WARN  o.e.m.c.i.embedder.EclipseLogger - Using platform encoding (Cp1252 actually) to copy filtered resources, i.e. build is platform dependent!
2016-11-16 12:02:36,123 [Worker-24] INFO  o.e.m.c.i.embedder.EclipseLogger - skip non existing resourceDirectory C:\Users\acrox\OneDrive\Documentos\GitHub\Project_DAD\Project_DAD\src\test\resources
2016-11-16 12:03:08,523 [Worker-48] WARN  o.e.m.c.i.embedder.EclipseLogger - Using platform encoding (Cp1252 actually) to copy filtered resources, i.e. build is platform dependent!
2016-11-16 12:03:08,533 [Worker-48] INFO  o.e.m.c.i.embedder.EclipseLogger - skip non existing resourceDirectory C:\Users\acrox\OneDrive\Documentos\GitHub\Project_DAD\Project_DAD\src\main\resources
2016-11-16 12:03:08,540 [Worker-48] WARN  o.e.m.c.i.embedder.EclipseLogger - Using platform encoding (Cp1252 actually) to copy filtered resources, i.e. build is platform dependent!
2016-11-16 12:03:08,546 [Worker-48] INFO  o.e.m.c.i.embedder.EclipseLogger - skip non existing resourceDirectory C:\Users\acrox\OneDrive\Documentos\GitHub\Project_DAD\Project_DAD\src\test\resources
2016-11-16 12:03:13,636 [Worker-49] WARN  o.e.m.c.i.embedder.EclipseLogger - Using platform encoding (Cp1252 actually) to copy filtered resources, i.e. build is platform dependent!
2016-11-16 12:03:13,641 [Worker-49] INFO  o.e.m.c.i.embedder.EclipseLogger - skip non existing resourceDirectory C:\Users\acrox\OneDrive\Documentos\GitHub\Project_DAD\Project_DAD\src\main\resources
2016-11-16 12:03:13,643 [Worker-49] WARN  o.e.m.c.i.embedder.EclipseLogger - Using platform encoding (Cp1252 actually) to copy filtered resources, i.e. build is platform dependent!
2016-11-16 12:03:13,648 [Worker-49] INFO  o.e.m.c.i.embedder.EclipseLogger - skip non existing resourceDirectory C:\Users\acrox\OneDrive\Documentos\GitHub\Project_DAD\Project_DAD\src\test\resources
2016-11-16 12:03:27,515 [Worker-48] WARN  o.e.m.c.i.embedder.EclipseLogger - Using platform encoding (Cp1252 actually) to copy filtered resources, i.e. build is platform dependent!
2016-11-16 12:03:27,528 [Worker-48] INFO  o.e.m.c.i.embedder.EclipseLogger - skip non existing resourceDirectory C:\Users\acrox\OneDrive\Documentos\GitHub\Project_DAD\Project_DAD\src\main\resources
2016-11-16 12:03:27,538 [Worker-48] WARN  o.e.m.c.i.embedder.EclipseLogger - Using platform encoding (Cp1252 actually) to copy filtered resources, i.e. build is platform dependent!
2016-11-16 12:03:27,544 [Worker-48] INFO  o.e.m.c.i.embedder.EclipseLogger - skip non existing resourceDirectory C:\Users\acrox\OneDrive\Documentos\GitHub\Project_DAD\Project_DAD\src\test\resources
2016-11-16 12:03:29,996 [Worker-48] WARN  o.e.m.c.i.embedder.EclipseLogger - Using platform encoding (Cp1252 actually) to copy filtered resources, i.e. build is platform dependent!
2016-11-16 12:03:30,005 [Worker-48] INFO  o.e.m.c.i.embedder.EclipseLogger - skip non existing resourceDirectory C:\Users\acrox\OneDrive\Documentos\GitHub\Project_DAD\Project_DAD\src\main\resources
2016-11-16 12:03:30,007 [Worker-48] WARN  o.e.m.c.i.embedder.EclipseLogger - Using platform encoding (Cp1252 actually) to copy filtered resources, i.e. build is platform dependent!
2016-11-16 12:03:30,014 [Worker-48] INFO  o.e.m.c.i.embedder.EclipseLogger - skip non existing resourceDirectory C:\Users\acrox\OneDrive\Documentos\GitHub\Project_DAD\Project_DAD\src\test\resources
2016-11-16 12:06:19,808 [Worker-48] WARN  o.e.m.c.i.embedder.EclipseLogger - Using platform encoding (Cp1252 actually) to copy filtered resources, i.e. build is platform dependent!
2016-11-16 12:06:19,818 [Worker-48] INFO  o.e.m.c.i.embedder.EclipseLogger - skip non existing resourceDirectory C:\Users\acrox\OneDrive\Documentos\GitHub\Project_DAD\Project_DAD\src\main\resources
2016-11-16 12:06:19,824 [Worker-48] WARN  o.e.m.c.i.embedder.EclipseLogger - Using platform encoding (Cp1252 actually) to copy filtered resources, i.e. build is platform dependent!
2016-11-16 12:06:19,829 [Worker-48] INFO  o.e.m.c.i.embedder.EclipseLogger - skip non existing resourceDirectory C:\Users\acrox\OneDrive\Documentos\GitHub\Project_DAD\Project_DAD\src\test\resources
2016-11-16 12:08:31,906 [Worker-33] WARN  o.e.m.c.i.embedder.EclipseLogger - Using platform encoding (Cp1252 actually) to copy filtered resources, i.e. build is platform dependent!
2016-11-16 12:08:31,911 [Worker-33] INFO  o.e.m.c.i.embedder.EclipseLogger - skip non existing resourceDirectory C:\Users\acrox\OneDrive\Documentos\GitHub\Project_DAD\Project_DAD\src\main\resources
2016-11-16 12:08:31,912 [Worker-33] WARN  o.e.m.c.i.embedder.EclipseLogger - Using platform encoding (Cp1252 actually) to copy filtered resources, i.e. build is platform dependent!
2016-11-16 12:08:31,919 [Worker-33] INFO  o.e.m.c.i.embedder.EclipseLogger - skip non existing resourceDirectory C:\Users\acrox\OneDrive\Documentos\GitHub\Project_DAD\Project_DAD\src\test\resources
2016-11-16 12:08:48,950 [Worker-36] WARN  o.e.m.c.i.embedder.EclipseLogger - Using platform encoding (Cp1252 actually) to copy filtered resources, i.e. build is platform dependent!
2016-11-16 12:08:48,958 [Worker-36] INFO  o.e.m.c.i.embedder.EclipseLogger - skip non existing resourceDirectory C:\Users\acrox\OneDrive\Documentos\GitHub\Project_DAD\Project_DAD\src\main\resources
2016-11-16 12:08:48,963 [Worker-36] WARN  o.e.m.c.i.embedder.EclipseLogger - Using platform encoding (Cp1252 actually) to copy filtered resources, i.e. build is platform dependent!
2016-11-16 12:08:48,967 [Worker-36] INFO  o.e.m.c.i.embedder.EclipseLogger - skip non existing resourceDirectory C:\Users\acrox\OneDrive\Documentos\GitHub\Project_DAD\Project_DAD\src\test\resources
2016-11-16 12:08:53,944 [Worker-46] WARN  o.e.m.c.i.embedder.EclipseLogger - Using platform encoding (Cp1252 actually) to copy filtered resources, i.e. build is platform dependent!
2016-11-16 12:08:53,949 [Worker-46] INFO  o.e.m.c.i.embedder.EclipseLogger - skip non existing resourceDirectory C:\Users\acrox\OneDrive\Documentos\GitHub\Project_DAD\Project_DAD\src\main\resources
2016-11-16 12:08:53,950 [Worker-46] WARN  o.e.m.c.i.embedder.EclipseLogger - Using platform encoding (Cp1252 actually) to copy filtered resources, i.e. build is platform dependent!
2016-11-16 12:08:53,955 [Worker-46] INFO  o.e.m.c.i.embedder.EclipseLogger - skip non existing resourceDirectory C:\Users\acrox\OneDrive\Documentos\GitHub\Project_DAD\Project_DAD\src\test\resources
2016-11-16 12:09:04,578 [Worker-46] WARN  o.e.m.c.i.embedder.EclipseLogger - Using platform encoding (Cp1252 actually) to copy filtered resources, i.e. build is platform dependent!
2016-11-16 12:09:04,589 [Worker-46] INFO  o.e.m.c.i.embedder.EclipseLogger - skip non existing resourceDirectory C:\Users\acrox\OneDrive\Documentos\GitHub\Project_DAD\Project_DAD\src\main\resources
2016-11-16 12:09:04,594 [Worker-46] WARN  o.e.m.c.i.embedder.EclipseLogger - Using platform encoding (Cp1252 actually) to copy filtered resources, i.e. build is platform dependent!
2016-11-16 12:09:04,598 [Worker-46] INFO  o.e.m.c.i.embedder.EclipseLogger - skip non existing resourceDirectory C:\Users\acrox\OneDrive\Documentos\GitHub\Project_DAD\Project_DAD\src\test\resources
2016-11-16 12:14:50,451 [Worker-36] WARN  o.e.m.c.i.embedder.EclipseLogger - Using platform encoding (Cp1252 actually) to copy filtered resources, i.e. build is platform dependent!
2016-11-16 12:14:50,456 [Worker-36] INFO  o.e.m.c.i.embedder.EclipseLogger - skip non existing resourceDirectory C:\Users\acrox\OneDrive\Documentos\GitHub\Project_DAD\Project_DAD\src\main\resources
2016-11-16 12:14:50,458 [Worker-36] WARN  o.e.m.c.i.embedder.EclipseLogger - Using platform encoding (Cp1252 actually) to copy filtered resources, i.e. build is platform dependent!
2016-11-16 12:14:50,464 [Worker-36] INFO  o.e.m.c.i.embedder.EclipseLogger - skip non existing resourceDirectory C:\Users\acrox\OneDrive\Documentos\GitHub\Project_DAD\Project_DAD\src\test\resources
2016-11-16 12:17:04,340 [Worker-49] WARN  o.e.m.c.i.embedder.EclipseLogger - Using platform encoding (Cp1252 actually) to copy filtered resources, i.e. build is platform dependent!
2016-11-16 12:17:04,348 [Worker-49] INFO  o.e.m.c.i.embedder.EclipseLogger - skip non existing resourceDirectory C:\Users\acrox\OneDrive\Documentos\GitHub\Project_DAD\Project_DAD\src\main\resources
2016-11-16 12:17:04,354 [Worker-49] WARN  o.e.m.c.i.embedder.EclipseLogger - Using platform encoding (Cp1252 actually) to copy filtered resources, i.e. build is platform dependent!
2016-11-16 12:17:04,359 [Worker-49] INFO  o.e.m.c.i.embedder.EclipseLogger - skip non existing resourceDirectory C:\Users\acrox\OneDrive\Documentos\GitHub\Project_DAD\Project_DAD\src\test\resources
2016-11-16 12:18:18,761 [Worker-36] WARN  o.e.m.c.i.embedder.EclipseLogger - Using platform encoding (Cp1252 actually) to copy filtered resources, i.e. build is platform dependent!
2016-11-16 12:18:18,769 [Worker-36] INFO  o.e.m.c.i.embedder.EclipseLogger - skip non existing resourceDirectory C:\Users\acrox\OneDrive\Documentos\GitHub\Project_DAD\Project_DAD\src\main\resources
2016-11-16 12:18:18,782 [Worker-36] WARN  o.e.m.c.i.embedder.EclipseLogger - Using platform encoding (Cp1252 actually) to copy filtered resources, i.e. build is platform dependent!
2016-11-16 12:18:18,790 [Worker-36] INFO  o.e.m.c.i.embedder.EclipseLogger - skip non existing resourceDirectory C:\Users\acrox\OneDrive\Documentos\GitHub\Project_DAD\Project_DAD\src\test\resources
2016-11-16 12:19:19,991 [Worker-50] WARN  o.e.m.c.i.embedder.EclipseLogger - Using platform encoding (Cp1252 actually) to copy filtered resources, i.e. build is platform dependent!
2016-11-16 12:19:20,000 [Worker-50] INFO  o.e.m.c.i.embedder.EclipseLogger - skip non existing resourceDirectory C:\Users\acrox\OneDrive\Documentos\GitHub\Project_DAD\Project_DAD\src\main\resources
2016-11-16 12:19:20,006 [Worker-50] WARN  o.e.m.c.i.embedder.EclipseLogger - Using platform encoding (Cp1252 actually) to copy filtered resources, i.e. build is platform dependent!
2016-11-16 12:19:20,011 [Worker-50] INFO  o.e.m.c.i.embedder.EclipseLogger - skip non existing resourceDirectory C:\Users\acrox\OneDrive\Documentos\GitHub\Project_DAD\Project_DAD\src\test\resources
2016-11-16 12:19:56,851 [Worker-50] WARN  o.e.m.c.i.embedder.EclipseLogger - Using platform encoding (Cp1252 actually) to copy filtered resources, i.e. build is platform dependent!
2016-11-16 12:19:56,856 [Worker-50] INFO  o.e.m.c.i.embedder.EclipseLogger - skip non existing resourceDirectory C:\Users\acrox\OneDrive\Documentos\GitHub\Project_DAD\Project_DAD\src\main\resources
2016-11-16 12:19:56,857 [Worker-50] WARN  o.e.m.c.i.embedder.EclipseLogger - Using platform encoding (Cp1252 actually) to copy filtered resources, i.e. build is platform dependent!
2016-11-16 12:19:56,862 [Worker-50] INFO  o.e.m.c.i.embedder.EclipseLogger - skip non existing resourceDirectory C:\Users\acrox\OneDrive\Documentos\GitHub\Project_DAD\Project_DAD\src\test\resources
2016-11-16 12:21:11,754 [Worker-51] WARN  o.e.m.c.i.embedder.EclipseLogger - Using platform encoding (Cp1252 actually) to copy filtered resources, i.e. build is platform dependent!
2016-11-16 12:21:11,764 [Worker-51] INFO  o.e.m.c.i.embedder.EclipseLogger - skip non existing resourceDirectory C:\Users\acrox\OneDrive\Documentos\GitHub\Project_DAD\Project_DAD\src\main\resources
2016-11-16 12:21:11,769 [Worker-51] WARN  o.e.m.c.i.embedder.EclipseLogger - Using platform encoding (Cp1252 actually) to copy filtered resources, i.e. build is platform dependent!
2016-11-16 12:21:11,773 [Worker-51] INFO  o.e.m.c.i.embedder.EclipseLogger - skip non existing resourceDirectory C:\Users\acrox\OneDrive\Documentos\GitHub\Project_DAD\Project_DAD\src\test\resources
2016-11-16 12:22:20,588 [Worker-53] WARN  o.e.m.c.i.embedder.EclipseLogger - Using platform encoding (Cp1252 actually) to copy filtered resources, i.e. build is platform dependent!
2016-11-16 12:22:20,596 [Worker-53] INFO  o.e.m.c.i.embedder.EclipseLogger - skip non existing resourceDirectory C:\Users\acrox\OneDrive\Documentos\GitHub\Project_DAD\Project_DAD\src\main\resources
2016-11-16 12:22:20,597 [Worker-53] WARN  o.e.m.c.i.embedder.EclipseLogger - Using platform encoding (Cp1252 actually) to copy filtered resources, i.e. build is platform dependent!
2016-11-16 12:22:20,604 [Worker-53] INFO  o.e.m.c.i.embedder.EclipseLogger - skip non existing resourceDirectory C:\Users\acrox\OneDrive\Documentos\GitHub\Project_DAD\Project_DAD\src\test\resources
2016-11-16 12:22:27,968 [Worker-53] WARN  o.e.m.c.i.embedder.EclipseLogger - Using platform encoding (Cp1252 actually) to copy filtered resources, i.e. build is platform dependent!
2016-11-16 12:22:27,977 [Worker-53] INFO  o.e.m.c.i.embedder.EclipseLogger - skip non existing resourceDirectory C:\Users\acrox\OneDrive\Documentos\GitHub\Project_DAD\Project_DAD\src\main\resources
2016-11-16 12:22:27,984 [Worker-53] WARN  o.e.m.c.i.embedder.EclipseLogger - Using platform encoding (Cp1252 actually) to copy filtered resources, i.e. build is platform dependent!
2016-11-16 12:22:27,988 [Worker-53] INFO  o.e.m.c.i.embedder.EclipseLogger - skip non existing resourceDirectory C:\Users\acrox\OneDrive\Documentos\GitHub\Project_DAD\Project_DAD\src\test\resources
2016-11-16 12:34:01,472 [Worker-28] WARN  o.e.m.c.i.embedder.EclipseLogger - Using platform encoding (Cp1252 actually) to copy filtered resources, i.e. build is platform dependent!
2016-11-16 12:34:01,477 [Worker-28] INFO  o.e.m.c.i.embedder.EclipseLogger - skip non existing resourceDirectory C:\Users\acrox\OneDrive\Documentos\GitHub\Project_DAD\Project_DAD\src\main\resources
2016-11-16 12:34:01,479 [Worker-28] WARN  o.e.m.c.i.embedder.EclipseLogger - Using platform encoding (Cp1252 actually) to copy filtered resources, i.e. build is platform dependent!
2016-11-16 12:34:01,486 [Worker-28] INFO  o.e.m.c.i.embedder.EclipseLogger - skip non existing resourceDirectory C:\Users\acrox\OneDrive\Documentos\GitHub\Project_DAD\Project_DAD\src\test\resources
2016-11-16 12:35:52,349 [Worker-53] WARN  o.e.m.c.i.embedder.EclipseLogger - Using platform encoding (Cp1252 actually) to copy filtered resources, i.e. build is platform dependent!
2016-11-16 12:35:52,359 [Worker-53] INFO  o.e.m.c.i.embedder.EclipseLogger - skip non existing resourceDirectory C:\Users\acrox\OneDrive\Documentos\GitHub\Project_DAD\Project_DAD\src\main\resources
2016-11-16 12:35:52,367 [Worker-53] WARN  o.e.m.c.i.embedder.EclipseLogger - Using platform encoding (Cp1252 actually) to copy filtered resources, i.e. build is platform dependent!
2016-11-16 12:35:52,375 [Worker-53] INFO  o.e.m.c.i.embedder.EclipseLogger - skip non existing resourceDirectory C:\Users\acrox\OneDrive\Documentos\GitHub\Project_DAD\Project_DAD\src\test\resources
2016-11-16 12:38:52,725 [Worker-56] WARN  o.e.m.c.i.embedder.EclipseLogger - Using platform encoding (Cp1252 actually) to copy filtered resources, i.e. build is platform dependent!
2016-11-16 12:38:52,732 [Worker-56] INFO  o.e.m.c.i.embedder.EclipseLogger - skip non existing resourceDirectory C:\Users\acrox\OneDrive\Documentos\GitHub\Project_DAD\Project_DAD\src\main\resources
2016-11-16 12:38:52,733 [Worker-56] WARN  o.e.m.c.i.embedder.EclipseLogger - Using platform encoding (Cp1252 actually) to copy filtered resources, i.e. build is platform dependent!
2016-11-16 12:38:52,740 [Worker-56] INFO  o.e.m.c.i.embedder.EclipseLogger - skip non existing resourceDirectory C:\Users\acrox\OneDrive\Documentos\GitHub\Project_DAD\Project_DAD\src\test\resources
2016-11-16 12:40:55,609 [Worker-56] WARN  o.e.m.c.i.embedder.EclipseLogger - Using platform encoding (Cp1252 actually) to copy filtered resources, i.e. build is platform dependent!
2016-11-16 12:40:55,619 [Worker-56] INFO  o.e.m.c.i.embedder.EclipseLogger - skip non existing resourceDirectory C:\Users\acrox\OneDrive\Documentos\GitHub\Project_DAD\Project_DAD\src\main\resources
2016-11-16 12:40:55,623 [Worker-56] WARN  o.e.m.c.i.embedder.EclipseLogger - Using platform encoding (Cp1252 actually) to copy filtered resources, i.e. build is platform dependent!
2016-11-16 12:40:55,627 [Worker-56] INFO  o.e.m.c.i.embedder.EclipseLogger - skip non existing resourceDirectory C:\Users\acrox\OneDrive\Documentos\GitHub\Project_DAD\Project_DAD\src\test\resources
2016-11-16 12:41:43,722 [Worker-28] WARN  o.e.m.c.i.embedder.EclipseLogger - Using platform encoding (Cp1252 actually) to copy filtered resources, i.e. build is platform dependent!
2016-11-16 12:41:43,728 [Worker-28] INFO  o.e.m.c.i.embedder.EclipseLogger - skip non existing resourceDirectory C:\Users\acrox\OneDrive\Documentos\GitHub\Project_DAD\Project_DAD\src\main\resources
2016-11-16 12:41:43,729 [Worker-28] WARN  o.e.m.c.i.embedder.EclipseLogger - Using platform encoding (Cp1252 actually) to copy filtered resources, i.e. build is platform dependent!
2016-11-16 12:41:43,735 [Worker-28] INFO  o.e.m.c.i.embedder.EclipseLogger - skip non existing resourceDirectory C:\Users\acrox\OneDrive\Documentos\GitHub\Project_DAD\Project_DAD\src\test\resources
2016-11-16 12:41:55,180 [Worker-53] WARN  o.e.m.c.i.embedder.EclipseLogger - Using platform encoding (Cp1252 actually) to copy filtered resources, i.e. build is platform dependent!
2016-11-16 12:41:55,189 [Worker-53] INFO  o.e.m.c.i.embedder.EclipseLogger - skip non existing resourceDirectory C:\Users\acrox\OneDrive\Documentos\GitHub\Project_DAD\Project_DAD\src\main\resources
2016-11-16 12:41:55,195 [Worker-53] WARN  o.e.m.c.i.embedder.EclipseLogger - Using platform encoding (Cp1252 actually) to copy filtered resources, i.e. build is platform dependent!
2016-11-16 12:41:55,201 [Worker-53] INFO  o.e.m.c.i.embedder.EclipseLogger - skip non existing resourceDirectory C:\Users\acrox\OneDrive\Documentos\GitHub\Project_DAD\Project_DAD\src\test\resources
2016-11-16 12:44:42,114 [Worker-51] WARN  o.e.m.c.i.embedder.EclipseLogger - Using platform encoding (Cp1252 actually) to copy filtered resources, i.e. build is platform dependent!
2016-11-16 12:44:42,123 [Worker-51] INFO  o.e.m.c.i.embedder.EclipseLogger - skip non existing resourceDirectory C:\Users\acrox\OneDrive\Documentos\GitHub\Project_DAD\Project_DAD\src\main\resources
2016-11-16 12:44:42,125 [Worker-51] WARN  o.e.m.c.i.embedder.EclipseLogger - Using platform encoding (Cp1252 actually) to copy filtered resources, i.e. build is platform dependent!
2016-11-16 12:44:42,132 [Worker-51] INFO  o.e.m.c.i.embedder.EclipseLogger - skip non existing resourceDirectory C:\Users\acrox\OneDrive\Documentos\GitHub\Project_DAD\Project_DAD\src\test\resources
2016-11-16 12:45:15,526 [Worker-53] WARN  o.e.m.c.i.embedder.EclipseLogger - Using platform encoding (Cp1252 actually) to copy filtered resources, i.e. build is platform dependent!
2016-11-16 12:45:15,537 [Worker-53] INFO  o.e.m.c.i.embedder.EclipseLogger - skip non existing resourceDirectory C:\Users\acrox\OneDrive\Documentos\GitHub\Project_DAD\Project_DAD\src\main\resources
2016-11-16 12:45:15,542 [Worker-53] WARN  o.e.m.c.i.embedder.EclipseLogger - Using platform encoding (Cp1252 actually) to copy filtered resources, i.e. build is platform dependent!
2016-11-16 12:45:15,547 [Worker-53] INFO  o.e.m.c.i.embedder.EclipseLogger - skip non existing resourceDirectory C:\Users\acrox\OneDrive\Documentos\GitHub\Project_DAD\Project_DAD\src\test\resources
2016-11-16 12:45:26,640 [Worker-53] WARN  o.e.m.c.i.embedder.EclipseLogger - Using platform encoding (Cp1252 actually) to copy filtered resources, i.e. build is platform dependent!
2016-11-16 12:45:26,646 [Worker-53] INFO  o.e.m.c.i.embedder.EclipseLogger - skip non existing resourceDirectory C:\Users\acrox\OneDrive\Documentos\GitHub\Project_DAD\Project_DAD\src\main\resources
2016-11-16 12:45:26,647 [Worker-53] WARN  o.e.m.c.i.embedder.EclipseLogger - Using platform encoding (Cp1252 actually) to copy filtered resources, i.e. build is platform dependent!
2016-11-16 12:45:26,654 [Worker-53] INFO  o.e.m.c.i.embedder.EclipseLogger - skip non existing resourceDirectory C:\Users\acrox\OneDrive\Documentos\GitHub\Project_DAD\Project_DAD\src\test\resources
2016-11-16 12:45:59,846 [Worker-54] WARN  o.e.m.c.i.embedder.EclipseLogger - Using platform encoding (Cp1252 actually) to copy filtered resources, i.e. build is platform dependent!
2016-11-16 12:45:59,857 [Worker-54] INFO  o.e.m.c.i.embedder.EclipseLogger - skip non existing resourceDirectory C:\Users\acrox\OneDrive\Documentos\GitHub\Project_DAD\Project_DAD\src\main\resources
2016-11-16 12:45:59,862 [Worker-54] WARN  o.e.m.c.i.embedder.EclipseLogger - Using platform encoding (Cp1252 actually) to copy filtered resources, i.e. build is platform dependent!
2016-11-16 12:45:59,866 [Worker-54] INFO  o.e.m.c.i.embedder.EclipseLogger - skip non existing resourceDirectory C:\Users\acrox\OneDrive\Documentos\GitHub\Project_DAD\Project_DAD\src\test\resources
2016-11-16 12:46:06,563 [Worker-51] WARN  o.e.m.c.i.embedder.EclipseLogger - Using platform encoding (Cp1252 actually) to copy filtered resources, i.e. build is platform dependent!
2016-11-16 12:46:06,570 [Worker-51] INFO  o.e.m.c.i.embedder.EclipseLogger - skip non existing resourceDirectory C:\Users\acrox\OneDrive\Documentos\GitHub\Project_DAD\Project_DAD\src\main\resources
2016-11-16 12:46:06,571 [Worker-51] WARN  o.e.m.c.i.embedder.EclipseLogger - Using platform encoding (Cp1252 actually) to copy filtered resources, i.e. build is platform dependent!
2016-11-16 12:46:06,577 [Worker-51] INFO  o.e.m.c.i.embedder.EclipseLogger - skip non existing resourceDirectory C:\Users\acrox\OneDrive\Documentos\GitHub\Project_DAD\Project_DAD\src\test\resources
2016-11-16 12:47:10,527 [Worker-51] WARN  o.e.m.c.i.embedder.EclipseLogger - Using platform encoding (Cp1252 actually) to copy filtered resources, i.e. build is platform dependent!
2016-11-16 12:47:10,534 [Worker-51] INFO  o.e.m.c.i.embedder.EclipseLogger - skip non existing resourceDirectory C:\Users\acrox\OneDrive\Documentos\GitHub\Project_DAD\Project_DAD\src\main\resources
2016-11-16 12:47:10,538 [Worker-51] WARN  o.e.m.c.i.embedder.EclipseLogger - Using platform encoding (Cp1252 actually) to copy filtered resources, i.e. build is platform dependent!
2016-11-16 12:47:10,543 [Worker-51] INFO  o.e.m.c.i.embedder.EclipseLogger - skip non existing resourceDirectory C:\Users\acrox\OneDrive\Documentos\GitHub\Project_DAD\Project_DAD\src\test\resources
2016-11-16 12:47:36,026 [Worker-56] WARN  o.e.m.c.i.embedder.EclipseLogger - Using platform encoding (Cp1252 actually) to copy filtered resources, i.e. build is platform dependent!
2016-11-16 12:47:36,032 [Worker-56] INFO  o.e.m.c.i.embedder.EclipseLogger - skip non existing resourceDirectory C:\Users\acrox\OneDrive\Documentos\GitHub\Project_DAD\Project_DAD\src\main\resources
2016-11-16 12:47:36,032 [Worker-56] WARN  o.e.m.c.i.embedder.EclipseLogger - Using platform encoding (Cp1252 actually) to copy filtered resources, i.e. build is platform dependent!
2016-11-16 12:47:36,039 [Worker-56] INFO  o.e.m.c.i.embedder.EclipseLogger - skip non existing resourceDirectory C:\Users\acrox\OneDrive\Documentos\GitHub\Project_DAD\Project_DAD\src\test\resources
2016-11-16 12:51:44,450 [Worker-57] WARN  o.e.m.c.i.embedder.EclipseLogger - Using platform encoding (Cp1252 actually) to copy filtered resources, i.e. build is platform dependent!
2016-11-16 12:51:44,455 [Worker-57] INFO  o.e.m.c.i.embedder.EclipseLogger - skip non existing resourceDirectory C:\Users\acrox\OneDrive\Documentos\GitHub\Project_DAD\Project_DAD\src\main\resources
2016-11-16 12:51:44,460 [Worker-57] WARN  o.e.m.c.i.embedder.EclipseLogger - Using platform encoding (Cp1252 actually) to copy filtered resources, i.e. build is platform dependent!
2016-11-16 12:51:44,465 [Worker-57] INFO  o.e.m.c.i.embedder.EclipseLogger - skip non existing resourceDirectory C:\Users\acrox\OneDrive\Documentos\GitHub\Project_DAD\Project_DAD\src\test\resources
2016-11-16 12:51:53,606 [Worker-28] WARN  o.e.m.c.i.embedder.EclipseLogger - Using platform encoding (Cp1252 actually) to copy filtered resources, i.e. build is platform dependent!
2016-11-16 12:51:53,613 [Worker-28] INFO  o.e.m.c.i.embedder.EclipseLogger - skip non existing resourceDirectory C:\Users\acrox\OneDrive\Documentos\GitHub\Project_DAD\Project_DAD\src\main\resources
2016-11-16 12:51:53,615 [Worker-28] WARN  o.e.m.c.i.embedder.EclipseLogger - Using platform encoding (Cp1252 actually) to copy filtered resources, i.e. build is platform dependent!
2016-11-16 12:51:53,622 [Worker-28] INFO  o.e.m.c.i.embedder.EclipseLogger - skip non existing resourceDirectory C:\Users\acrox\OneDrive\Documentos\GitHub\Project_DAD\Project_DAD\src\test\resources
2016-11-16 12:53:13,829 [Worker-56] WARN  o.e.m.c.i.embedder.EclipseLogger - Using platform encoding (Cp1252 actually) to copy filtered resources, i.e. build is platform dependent!
2016-11-16 12:53:13,838 [Worker-56] INFO  o.e.m.c.i.embedder.EclipseLogger - skip non existing resourceDirectory C:\Users\acrox\OneDrive\Documentos\GitHub\Project_DAD\Project_DAD\src\main\resources
2016-11-16 12:53:13,843 [Worker-56] WARN  o.e.m.c.i.embedder.EclipseLogger - Using platform encoding (Cp1252 actually) to copy filtered resources, i.e. build is platform dependent!
2016-11-16 12:53:13,848 [Worker-56] INFO  o.e.m.c.i.embedder.EclipseLogger - skip non existing resourceDirectory C:\Users\acrox\OneDrive\Documentos\GitHub\Project_DAD\Project_DAD\src\test\resources
2016-11-16 12:53:21,204 [Worker-51] WARN  o.e.m.c.i.embedder.EclipseLogger - Using platform encoding (Cp1252 actually) to copy filtered resources, i.e. build is platform dependent!
2016-11-16 12:53:21,208 [Worker-51] INFO  o.e.m.c.i.embedder.EclipseLogger - skip non existing resourceDirectory C:\Users\acrox\OneDrive\Documentos\GitHub\Project_DAD\Project_DAD\src\main\resources
2016-11-16 12:53:21,209 [Worker-51] WARN  o.e.m.c.i.embedder.EclipseLogger - Using platform encoding (Cp1252 actually) to copy filtered resources, i.e. build is platform dependent!
2016-11-16 12:53:21,214 [Worker-51] INFO  o.e.m.c.i.embedder.EclipseLogger - skip non existing resourceDirectory C:\Users\acrox\OneDrive\Documentos\GitHub\Project_DAD\Project_DAD\src\test\resources
2016-11-16 12:53:45,075 [Worker-50] WARN  o.e.m.c.i.embedder.EclipseLogger - Using platform encoding (Cp1252 actually) to copy filtered resources, i.e. build is platform dependent!
2016-11-16 12:53:45,085 [Worker-50] INFO  o.e.m.c.i.embedder.EclipseLogger - skip non existing resourceDirectory C:\Users\acrox\OneDrive\Documentos\GitHub\Project_DAD\Project_DAD\src\main\resources
2016-11-16 12:53:45,090 [Worker-50] WARN  o.e.m.c.i.embedder.EclipseLogger - Using platform encoding (Cp1252 actually) to copy filtered resources, i.e. build is platform dependent!
2016-11-16 12:53:45,096 [Worker-50] INFO  o.e.m.c.i.embedder.EclipseLogger - skip non existing resourceDirectory C:\Users\acrox\OneDrive\Documentos\GitHub\Project_DAD\Project_DAD\src\test\resources
2016-11-16 12:54:36,194 [Worker-28] WARN  o.e.m.c.i.embedder.EclipseLogger - Using platform encoding (Cp1252 actually) to copy filtered resources, i.e. build is platform dependent!
2016-11-16 12:54:36,200 [Worker-28] INFO  o.e.m.c.i.embedder.EclipseLogger - skip non existing resourceDirectory C:\Users\acrox\OneDrive\Documentos\GitHub\Project_DAD\Project_DAD\src\main\resources
2016-11-16 12:54:36,202 [Worker-28] WARN  o.e.m.c.i.embedder.EclipseLogger - Using platform encoding (Cp1252 actually) to copy filtered resources, i.e. build is platform dependent!
2016-11-16 12:54:36,206 [Worker-28] INFO  o.e.m.c.i.embedder.EclipseLogger - skip non existing resourceDirectory C:\Users\acrox\OneDrive\Documentos\GitHub\Project_DAD\Project_DAD\src\test\resources
2016-11-16 12:55:41,932 [Worker-55] WARN  o.e.m.c.i.embedder.EclipseLogger - Using platform encoding (Cp1252 actually) to copy filtered resources, i.e. build is platform dependent!
2016-11-16 12:55:41,938 [Worker-55] INFO  o.e.m.c.i.embedder.EclipseLogger - skip non existing resourceDirectory C:\Users\acrox\OneDrive\Documentos\GitHub\Project_DAD\Project_DAD\src\main\resources
2016-11-16 12:55:41,944 [Worker-55] WARN  o.e.m.c.i.embedder.EclipseLogger - Using platform encoding (Cp1252 actually) to copy filtered resources, i.e. build is platform dependent!
2016-11-16 12:55:41,949 [Worker-55] INFO  o.e.m.c.i.embedder.EclipseLogger - skip non existing resourceDirectory C:\Users\acrox\OneDrive\Documentos\GitHub\Project_DAD\Project_DAD\src\test\resources
2016-11-16 12:59:15,318 [Worker-59] WARN  o.e.m.c.i.embedder.EclipseLogger - Using platform encoding (Cp1252 actually) to copy filtered resources, i.e. build is platform dependent!
2016-11-16 12:59:15,323 [Worker-59] INFO  o.e.m.c.i.embedder.EclipseLogger - skip non existing resourceDirectory C:\Users\acrox\OneDrive\Documentos\GitHub\Project_DAD\Project_DAD\src\main\resources
2016-11-16 12:59:15,324 [Worker-59] WARN  o.e.m.c.i.embedder.EclipseLogger - Using platform encoding (Cp1252 actually) to copy filtered resources, i.e. build is platform dependent!
2016-11-16 12:59:15,329 [Worker-59] INFO  o.e.m.c.i.embedder.EclipseLogger - skip non existing resourceDirectory C:\Users\acrox\OneDrive\Documentos\GitHub\Project_DAD\Project_DAD\src\test\resources
2016-11-16 12:59:37,655 [Worker-55] WARN  o.e.m.c.i.embedder.EclipseLogger - Using platform encoding (Cp1252 actually) to copy filtered resources, i.e. build is platform dependent!
2016-11-16 12:59:37,663 [Worker-55] INFO  o.e.m.c.i.embedder.EclipseLogger - skip non existing resourceDirectory C:\Users\acrox\OneDrive\Documentos\GitHub\Project_DAD\Project_DAD\src\main\resources
2016-11-16 12:59:37,668 [Worker-55] WARN  o.e.m.c.i.embedder.EclipseLogger - Using platform encoding (Cp1252 actually) to copy filtered resources, i.e. build is platform dependent!
2016-11-16 12:59:37,673 [Worker-55] INFO  o.e.m.c.i.embedder.EclipseLogger - skip non existing resourceDirectory C:\Users\acrox\OneDrive\Documentos\GitHub\Project_DAD\Project_DAD\src\test\resources
2016-11-16 13:00:48,945 [Worker-55] WARN  o.e.m.c.i.embedder.EclipseLogger - Using platform encoding (Cp1252 actually) to copy filtered resources, i.e. build is platform dependent!
2016-11-16 13:00:48,951 [Worker-55] INFO  o.e.m.c.i.embedder.EclipseLogger - skip non existing resourceDirectory C:\Users\acrox\OneDrive\Documentos\GitHub\Project_DAD\Project_DAD\src\main\resources
2016-11-16 13:00:48,953 [Worker-55] WARN  o.e.m.c.i.embedder.EclipseLogger - Using platform encoding (Cp1252 actually) to copy filtered resources, i.e. build is platform dependent!
2016-11-16 13:00:48,958 [Worker-55] INFO  o.e.m.c.i.embedder.EclipseLogger - skip non existing resourceDirectory C:\Users\acrox\OneDrive\Documentos\GitHub\Project_DAD\Project_DAD\src\test\resources
2016-11-16 13:02:20,427 [Worker-59] WARN  o.e.m.c.i.embedder.EclipseLogger - Using platform encoding (Cp1252 actually) to copy filtered resources, i.e. build is platform dependent!
2016-11-16 13:02:20,435 [Worker-59] INFO  o.e.m.c.i.embedder.EclipseLogger - skip non existing resourceDirectory C:\Users\acrox\OneDrive\Documentos\GitHub\Project_DAD\Project_DAD\src\main\resources
2016-11-16 13:02:20,440 [Worker-59] WARN  o.e.m.c.i.embedder.EclipseLogger - Using platform encoding (Cp1252 actually) to copy filtered resources, i.e. build is platform dependent!
2016-11-16 13:02:20,445 [Worker-59] INFO  o.e.m.c.i.embedder.EclipseLogger - skip non existing resourceDirectory C:\Users\acrox\OneDrive\Documentos\GitHub\Project_DAD\Project_DAD\src\test\resources
2016-11-16 13:04:42,797 [Worker-54] WARN  o.e.m.c.i.embedder.EclipseLogger - Using platform encoding (Cp1252 actually) to copy filtered resources, i.e. build is platform dependent!
2016-11-16 13:04:42,801 [Worker-54] INFO  o.e.m.c.i.embedder.EclipseLogger - skip non existing resourceDirectory C:\Users\acrox\OneDrive\Documentos\GitHub\Project_DAD\Project_DAD\src\main\resources
2016-11-16 13:04:42,802 [Worker-54] WARN  o.e.m.c.i.embedder.EclipseLogger - Using platform encoding (Cp1252 actually) to copy filtered resources, i.e. build is platform dependent!
2016-11-16 13:04:42,806 [Worker-54] INFO  o.e.m.c.i.embedder.EclipseLogger - skip non existing resourceDirectory C:\Users\acrox\OneDrive\Documentos\GitHub\Project_DAD\Project_DAD\src\test\resources
2016-11-16 13:05:26,881 [Worker-50] WARN  o.e.m.c.i.embedder.EclipseLogger - Using platform encoding (Cp1252 actually) to copy filtered resources, i.e. build is platform dependent!
2016-11-16 13:05:26,886 [Worker-50] INFO  o.e.m.c.i.embedder.EclipseLogger - skip non existing resourceDirectory C:\Users\acrox\OneDrive\Documentos\GitHub\Project_DAD\Project_DAD\src\main\resources
2016-11-16 13:05:26,891 [Worker-50] WARN  o.e.m.c.i.embedder.EclipseLogger - Using platform encoding (Cp1252 actually) to copy filtered resources, i.e. build is platform dependent!
2016-11-16 13:05:26,896 [Worker-50] INFO  o.e.m.c.i.embedder.EclipseLogger - skip non existing resourceDirectory C:\Users\acrox\OneDrive\Documentos\GitHub\Project_DAD\Project_DAD\src\test\resources
2016-11-16 13:05:58,462 [Worker-55] WARN  o.e.m.c.i.embedder.EclipseLogger - Using platform encoding (Cp1252 actually) to copy filtered resources, i.e. build is platform dependent!
2016-11-16 13:05:58,466 [Worker-55] INFO  o.e.m.c.i.embedder.EclipseLogger - skip non existing resourceDirectory C:\Users\acrox\OneDrive\Documentos\GitHub\Project_DAD\Project_DAD\src\main\resources
2016-11-16 13:05:58,467 [Worker-55] WARN  o.e.m.c.i.embedder.EclipseLogger - Using platform encoding (Cp1252 actually) to copy filtered resources, i.e. build is platform dependent!
2016-11-16 13:05:58,472 [Worker-55] INFO  o.e.m.c.i.embedder.EclipseLogger - skip non existing resourceDirectory C:\Users\acrox\OneDrive\Documentos\GitHub\Project_DAD\Project_DAD\src\test\resources
2016-11-16 13:07:10,143 [Worker-28] WARN  o.e.m.c.i.embedder.EclipseLogger - Using platform encoding (Cp1252 actually) to copy filtered resources, i.e. build is platform dependent!
2016-11-16 13:07:10,157 [Worker-28] INFO  o.e.m.c.i.embedder.EclipseLogger - skip non existing resourceDirectory C:\Users\acrox\OneDrive\Documentos\GitHub\Project_DAD\Project_DAD\src\main\resources
2016-11-16 13:07:10,163 [Worker-28] WARN  o.e.m.c.i.embedder.EclipseLogger - Using platform encoding (Cp1252 actually) to copy filtered resources, i.e. build is platform dependent!
2016-11-16 13:07:10,168 [Worker-28] INFO  o.e.m.c.i.embedder.EclipseLogger - skip non existing resourceDirectory C:\Users\acrox\OneDrive\Documentos\GitHub\Project_DAD\Project_DAD\src\test\resources
2016-11-16 13:08:36,549 [Worker-57] WARN  o.e.m.c.i.embedder.EclipseLogger - Using platform encoding (Cp1252 actually) to copy filtered resources, i.e. build is platform dependent!
2016-11-16 13:08:36,555 [Worker-57] INFO  o.e.m.c.i.embedder.EclipseLogger - skip non existing resourceDirectory C:\Users\acrox\OneDrive\Documentos\GitHub\Project_DAD\Project_DAD\src\main\resources
2016-11-16 13:08:36,556 [Worker-57] WARN  o.e.m.c.i.embedder.EclipseLogger - Using platform encoding (Cp1252 actually) to copy filtered resources, i.e. build is platform dependent!
2016-11-16 13:08:36,560 [Worker-57] INFO  o.e.m.c.i.embedder.EclipseLogger - skip non existing resourceDirectory C:\Users\acrox\OneDrive\Documentos\GitHub\Project_DAD\Project_DAD\src\test\resources
2016-11-16 13:09:37,093 [Worker-55] WARN  o.e.m.c.i.embedder.EclipseLogger - Using platform encoding (Cp1252 actually) to copy filtered resources, i.e. build is platform dependent!
2016-11-16 13:09:37,102 [Worker-55] INFO  o.e.m.c.i.embedder.EclipseLogger - skip non existing resourceDirectory C:\Users\acrox\OneDrive\Documentos\GitHub\Project_DAD\Project_DAD\src\main\resources
2016-11-16 13:09:37,107 [Worker-55] WARN  o.e.m.c.i.embedder.EclipseLogger - Using platform encoding (Cp1252 actually) to copy filtered resources, i.e. build is platform dependent!
2016-11-16 13:09:37,112 [Worker-55] INFO  o.e.m.c.i.embedder.EclipseLogger - skip non existing resourceDirectory C:\Users\acrox\OneDrive\Documentos\GitHub\Project_DAD\Project_DAD\src\test\resources
2016-11-16 13:10:30,599 [Worker-61] WARN  o.e.m.c.i.embedder.EclipseLogger - Using platform encoding (Cp1252 actually) to copy filtered resources, i.e. build is platform dependent!
2016-11-16 13:10:30,605 [Worker-61] INFO  o.e.m.c.i.embedder.EclipseLogger - skip non existing resourceDirectory C:\Users\acrox\OneDrive\Documentos\GitHub\Project_DAD\Project_DAD\src\main\resources
2016-11-16 13:10:30,607 [Worker-61] WARN  o.e.m.c.i.embedder.EclipseLogger - Using platform encoding (Cp1252 actually) to copy filtered resources, i.e. build is platform dependent!
2016-11-16 13:10:30,612 [Worker-61] INFO  o.e.m.c.i.embedder.EclipseLogger - skip non existing resourceDirectory C:\Users\acrox\OneDrive\Documentos\GitHub\Project_DAD\Project_DAD\src\test\resources
2016-11-16 13:13:57,743 [Worker-60] WARN  o.e.m.c.i.embedder.EclipseLogger - Using platform encoding (Cp1252 actually) to copy filtered resources, i.e. build is platform dependent!
2016-11-16 13:13:57,753 [Worker-60] INFO  o.e.m.c.i.embedder.EclipseLogger - skip non existing resourceDirectory C:\Users\acrox\OneDrive\Documentos\GitHub\Project_DAD\Project_DAD\src\main\resources
2016-11-16 13:13:57,758 [Worker-60] WARN  o.e.m.c.i.embedder.EclipseLogger - Using platform encoding (Cp1252 actually) to copy filtered resources, i.e. build is platform dependent!
2016-11-16 13:13:57,762 [Worker-60] INFO  o.e.m.c.i.embedder.EclipseLogger - skip non existing resourceDirectory C:\Users\acrox\OneDrive\Documentos\GitHub\Project_DAD\Project_DAD\src\test\resources
2016-11-16 13:14:28,532 [Worker-61] WARN  o.e.m.c.i.embedder.EclipseLogger - Using platform encoding (Cp1252 actually) to copy filtered resources, i.e. build is platform dependent!
2016-11-16 13:14:28,537 [Worker-61] INFO  o.e.m.c.i.embedder.EclipseLogger - skip non existing resourceDirectory C:\Users\acrox\OneDrive\Documentos\GitHub\Project_DAD\Project_DAD\src\main\resources
2016-11-16 13:14:28,538 [Worker-61] WARN  o.e.m.c.i.embedder.EclipseLogger - Using platform encoding (Cp1252 actually) to copy filtered resources, i.e. build is platform dependent!
2016-11-16 13:14:28,543 [Worker-61] INFO  o.e.m.c.i.embedder.EclipseLogger - skip non existing resourceDirectory C:\Users\acrox\OneDrive\Documentos\GitHub\Project_DAD\Project_DAD\src\test\resources
2016-11-16 13:14:30,488 [Worker-54] INFO  o.e.m.c.i.e.AbstractTransferListenerAdapter - Downloading https://repo.maven.apache.org/maven2/org/quartz-scheduler/quartz/2.2.1/quartz-2.2.1-sources.jar
2016-11-16 13:14:30,995 [Worker-54] INFO  o.e.m.c.i.e.AbstractTransferListenerAdapter - Downloaded https://repo.maven.apache.org/maven2/org/quartz-scheduler/quartz/2.2.1/quartz-2.2.1-sources.jar
2016-11-16 13:14:31,252 [Worker-54] INFO  o.e.m.j.internal.DownloadSourcesJob - Downloaded sources for org.quartz-scheduler:quartz:2.2.1
2016-11-16 13:14:31,455 [Worker-57] WARN  o.e.m.c.i.embedder.EclipseLogger - Using platform encoding (Cp1252 actually) to copy filtered resources, i.e. build is platform dependent!
2016-11-16 13:14:31,463 [Worker-57] INFO  o.e.m.c.i.embedder.EclipseLogger - skip non existing resourceDirectory C:\Users\acrox\OneDrive\Documentos\GitHub\Project_DAD\Project_DAD\src\main\resources
2016-11-16 13:14:31,469 [Worker-57] WARN  o.e.m.c.i.embedder.EclipseLogger - Using platform encoding (Cp1252 actually) to copy filtered resources, i.e. build is platform dependent!
2016-11-16 13:14:31,477 [Worker-57] INFO  o.e.m.c.i.embedder.EclipseLogger - skip non existing resourceDirectory C:\Users\acrox\OneDrive\Documentos\GitHub\Project_DAD\Project_DAD\src\test\resources
2016-11-16 13:14:48,489 [Worker-57] WARN  o.e.m.c.i.embedder.EclipseLogger - Using platform encoding (Cp1252 actually) to copy filtered resources, i.e. build is platform dependent!
2016-11-16 13:14:48,499 [Worker-57] INFO  o.e.m.c.i.embedder.EclipseLogger - skip non existing resourceDirectory C:\Users\acrox\OneDrive\Documentos\GitHub\Project_DAD\Project_DAD\src\main\resources
2016-11-16 13:14:48,505 [Worker-57] WARN  o.e.m.c.i.embedder.EclipseLogger - Using platform encoding (Cp1252 actually) to copy filtered resources, i.e. build is platform dependent!
2016-11-16 13:14:48,522 [Worker-57] INFO  o.e.m.c.i.embedder.EclipseLogger - skip non existing resourceDirectory C:\Users\acrox\OneDrive\Documentos\GitHub\Project_DAD\Project_DAD\src\test\resources
2016-11-16 13:15:21,840 [Worker-57] WARN  o.e.m.c.i.embedder.EclipseLogger - Using platform encoding (Cp1252 actually) to copy filtered resources, i.e. build is platform dependent!
2016-11-16 13:15:21,851 [Worker-57] INFO  o.e.m.c.i.embedder.EclipseLogger - skip non existing resourceDirectory C:\Users\acrox\OneDrive\Documentos\GitHub\Project_DAD\Project_DAD\src\main\resources
2016-11-16 13:15:21,860 [Worker-57] WARN  o.e.m.c.i.embedder.EclipseLogger - Using platform encoding (Cp1252 actually) to copy filtered resources, i.e. build is platform dependent!
2016-11-16 13:15:21,871 [Worker-57] INFO  o.e.m.c.i.embedder.EclipseLogger - skip non existing resourceDirectory C:\Users\acrox\OneDrive\Documentos\GitHub\Project_DAD\Project_DAD\src\test\resources
2016-11-16 13:19:38,480 [Worker-62] WARN  o.e.m.c.i.embedder.EclipseLogger - Using platform encoding (Cp1252 actually) to copy filtered resources, i.e. build is platform dependent!
2016-11-16 13:19:38,485 [Worker-62] INFO  o.e.m.c.i.embedder.EclipseLogger - skip non existing resourceDirectory C:\Users\acrox\OneDrive\Documentos\GitHub\Project_DAD\Project_DAD\src\main\resources
2016-11-16 13:19:38,490 [Worker-62] WARN  o.e.m.c.i.embedder.EclipseLogger - Using platform encoding (Cp1252 actually) to copy filtered resources, i.e. build is platform dependent!
2016-11-16 13:19:38,499 [Worker-62] INFO  o.e.m.c.i.embedder.EclipseLogger - skip non existing resourceDirectory C:\Users\acrox\OneDrive\Documentos\GitHub\Project_DAD\Project_DAD\src\test\resources
2016-11-16 13:21:28,160 [Worker-55] WARN  o.e.m.c.i.embedder.EclipseLogger - Using platform encoding (Cp1252 actually) to copy filtered resources, i.e. build is platform dependent!
2016-11-16 13:21:28,165 [Worker-55] INFO  o.e.m.c.i.embedder.EclipseLogger - skip non existing resourceDirectory C:\Users\acrox\OneDrive\Documentos\GitHub\Project_DAD\Project_DAD\src\main\resources
2016-11-16 13:21:28,171 [Worker-55] WARN  o.e.m.c.i.embedder.EclipseLogger - Using platform encoding (Cp1252 actually) to copy filtered resources, i.e. build is platform dependent!
2016-11-16 13:21:28,181 [Worker-55] INFO  o.e.m.c.i.embedder.EclipseLogger - skip non existing resourceDirectory C:\Users\acrox\OneDrive\Documentos\GitHub\Project_DAD\Project_DAD\src\test\resources
2016-11-16 13:21:43,471 [Worker-63] WARN  o.e.m.c.i.embedder.EclipseLogger - Using platform encoding (Cp1252 actually) to copy filtered resources, i.e. build is platform dependent!
2016-11-16 13:21:43,479 [Worker-63] INFO  o.e.m.c.i.embedder.EclipseLogger - skip non existing resourceDirectory C:\Users\acrox\OneDrive\Documentos\GitHub\Project_DAD\Project_DAD\src\main\resources
2016-11-16 13:21:43,484 [Worker-63] WARN  o.e.m.c.i.embedder.EclipseLogger - Using platform encoding (Cp1252 actually) to copy filtered resources, i.e. build is platform dependent!
2016-11-16 13:21:43,492 [Worker-63] INFO  o.e.m.c.i.embedder.EclipseLogger - skip non existing resourceDirectory C:\Users\acrox\OneDrive\Documentos\GitHub\Project_DAD\Project_DAD\src\test\resources
2016-11-16 13:22:25,964 [Worker-54] WARN  o.e.m.c.i.embedder.EclipseLogger - Using platform encoding (Cp1252 actually) to copy filtered resources, i.e. build is platform dependent!
2016-11-16 13:22:25,978 [Worker-54] INFO  o.e.m.c.i.embedder.EclipseLogger - skip non existing resourceDirectory C:\Users\acrox\OneDrive\Documentos\GitHub\Project_DAD\Project_DAD\src\main\resources
2016-11-16 13:22:25,983 [Worker-54] WARN  o.e.m.c.i.embedder.EclipseLogger - Using platform encoding (Cp1252 actually) to copy filtered resources, i.e. build is platform dependent!
2016-11-16 13:22:25,991 [Worker-54] INFO  o.e.m.c.i.embedder.EclipseLogger - skip non existing resourceDirectory C:\Users\acrox\OneDrive\Documentos\GitHub\Project_DAD\Project_DAD\src\test\resources
2016-11-16 13:22:30,820 [Worker-58] WARN  o.e.m.c.i.embedder.EclipseLogger - Using platform encoding (Cp1252 actually) to copy filtered resources, i.e. build is platform dependent!
2016-11-16 13:22:30,828 [Worker-58] INFO  o.e.m.c.i.embedder.EclipseLogger - skip non existing resourceDirectory C:\Users\acrox\OneDrive\Documentos\GitHub\Project_DAD\Project_DAD\src\main\resources
2016-11-16 13:22:30,834 [Worker-58] WARN  o.e.m.c.i.embedder.EclipseLogger - Using platform encoding (Cp1252 actually) to copy filtered resources, i.e. build is platform dependent!
2016-11-16 13:22:30,842 [Worker-58] INFO  o.e.m.c.i.embedder.EclipseLogger - skip non existing resourceDirectory C:\Users\acrox\OneDrive\Documentos\GitHub\Project_DAD\Project_DAD\src\test\resources
2016-11-16 13:24:45,891 [Worker-51] WARN  o.e.m.c.i.embedder.EclipseLogger - Using platform encoding (Cp1252 actually) to copy filtered resources, i.e. build is platform dependent!
2016-11-16 13:24:45,901 [Worker-51] INFO  o.e.m.c.i.embedder.EclipseLogger - skip non existing resourceDirectory C:\Users\acrox\OneDrive\Documentos\GitHub\Project_DAD\Project_DAD\src\main\resources
2016-11-16 13:24:45,908 [Worker-51] WARN  o.e.m.c.i.embedder.EclipseLogger - Using platform encoding (Cp1252 actually) to copy filtered resources, i.e. build is platform dependent!
2016-11-16 13:24:45,919 [Worker-51] INFO  o.e.m.c.i.embedder.EclipseLogger - skip non existing resourceDirectory C:\Users\acrox\OneDrive\Documentos\GitHub\Project_DAD\Project_DAD\src\test\resources
2016-11-16 13:26:18,255 [Worker-63] WARN  o.e.m.c.i.embedder.EclipseLogger - Using platform encoding (Cp1252 actually) to copy filtered resources, i.e. build is platform dependent!
2016-11-16 13:26:18,259 [Worker-63] INFO  o.e.m.c.i.embedder.EclipseLogger - skip non existing resourceDirectory C:\Users\acrox\OneDrive\Documentos\GitHub\Project_DAD\Project_DAD\src\main\resources
2016-11-16 13:26:18,263 [Worker-63] WARN  o.e.m.c.i.embedder.EclipseLogger - Using platform encoding (Cp1252 actually) to copy filtered resources, i.e. build is platform dependent!
2016-11-16 13:26:18,272 [Worker-63] INFO  o.e.m.c.i.embedder.EclipseLogger - skip non existing resourceDirectory C:\Users\acrox\OneDrive\Documentos\GitHub\Project_DAD\Project_DAD\src\test\resources
2016-11-16 13:26:58,999 [Worker-55] WARN  o.e.m.c.i.embedder.EclipseLogger - Using platform encoding (Cp1252 actually) to copy filtered resources, i.e. build is platform dependent!
2016-11-16 13:26:59,009 [Worker-55] INFO  o.e.m.c.i.embedder.EclipseLogger - skip non existing resourceDirectory C:\Users\acrox\OneDrive\Documentos\GitHub\Project_DAD\Project_DAD\src\main\resources
2016-11-16 13:26:59,013 [Worker-55] WARN  o.e.m.c.i.embedder.EclipseLogger - Using platform encoding (Cp1252 actually) to copy filtered resources, i.e. build is platform dependent!
2016-11-16 13:26:59,021 [Worker-55] INFO  o.e.m.c.i.embedder.EclipseLogger - skip non existing resourceDirectory C:\Users\acrox\OneDrive\Documentos\GitHub\Project_DAD\Project_DAD\src\test\resources
2016-11-16 13:27:33,716 [Worker-56] WARN  o.e.m.c.i.embedder.EclipseLogger - Using platform encoding (Cp1252 actually) to copy filtered resources, i.e. build is platform dependent!
2016-11-16 13:27:33,725 [Worker-56] INFO  o.e.m.c.i.embedder.EclipseLogger - skip non existing resourceDirectory C:\Users\acrox\OneDrive\Documentos\GitHub\Project_DAD\Project_DAD\src\main\resources
2016-11-16 13:27:33,732 [Worker-56] WARN  o.e.m.c.i.embedder.EclipseLogger - Using platform encoding (Cp1252 actually) to copy filtered resources, i.e. build is platform dependent!
2016-11-16 13:27:33,744 [Worker-56] INFO  o.e.m.c.i.embedder.EclipseLogger - skip non existing resourceDirectory C:\Users\acrox\OneDrive\Documentos\GitHub\Project_DAD\Project_DAD\src\test\resources
2016-11-16 13:27:49,421 [Worker-64] WARN  o.e.m.c.i.embedder.EclipseLogger - Using platform encoding (Cp1252 actually) to copy filtered resources, i.e. build is platform dependent!
2016-11-16 13:27:49,430 [Worker-64] INFO  o.e.m.c.i.embedder.EclipseLogger - skip non existing resourceDirectory C:\Users\acrox\OneDrive\Documentos\GitHub\Project_DAD\Project_DAD\src\main\resources
2016-11-16 13:27:49,434 [Worker-64] WARN  o.e.m.c.i.embedder.EclipseLogger - Using platform encoding (Cp1252 actually) to copy filtered resources, i.e. build is platform dependent!
2016-11-16 13:27:49,443 [Worker-64] INFO  o.e.m.c.i.embedder.EclipseLogger - skip non existing resourceDirectory C:\Users\acrox\OneDrive\Documentos\GitHub\Project_DAD\Project_DAD\src\test\resources
2016-11-16 13:27:55,867 [Worker-53] WARN  o.e.m.c.i.embedder.EclipseLogger - Using platform encoding (Cp1252 actually) to copy filtered resources, i.e. build is platform dependent!
2016-11-16 13:27:56,173 [Worker-53] INFO  o.e.m.c.i.embedder.EclipseLogger - skip non existing resourceDirectory C:\Users\acrox\OneDrive\Documentos\GitHub\Project_DAD\Project_DAD\src\main\resources
2016-11-16 13:27:56,179 [Worker-53] WARN  o.e.m.c.i.embedder.EclipseLogger - Using platform encoding (Cp1252 actually) to copy filtered resources, i.e. build is platform dependent!
2016-11-16 13:27:56,187 [Worker-53] INFO  o.e.m.c.i.embedder.EclipseLogger - skip non existing resourceDirectory C:\Users\acrox\OneDrive\Documentos\GitHub\Project_DAD\Project_DAD\src\test\resources
2016-11-22 19:02:34,430 [Worker-3] INFO  c.g.t.t.d.PublishedGradleVersions - Gradle version information cache is out-of-date. Trying to update.
2016-11-22 19:03:01,139 [Worker-4] INFO  o.e.m.c.i.l.LifecycleMappingFactory - Using org.eclipse.m2e.jdt.JarLifecycleMapping lifecycle mapping for MavenProject: upf.dad.s2:JAXRS-Seminar2:0.0.1-SNAPSHOT @ C:\Users\acrox\OneDrive\Documentos\GitHub\Project_DAD\Project_DAD\pom.xml.
2016-11-22 19:03:07,416 [Worker-4] WARN  o.e.m.c.i.embedder.EclipseLogger - Using platform encoding (Cp1252 actually) to copy filtered resources, i.e. build is platform dependent!
2016-11-22 19:03:07,433 [Worker-4] INFO  o.e.m.c.i.embedder.EclipseLogger - skip non existing resourceDirectory C:\Users\acrox\OneDrive\Documentos\GitHub\Project_DAD\Project_DAD\src\main\resources
2016-11-22 19:03:07,798 [Worker-18] INFO  o.e.m.c.i.l.LifecycleMappingFactory - Using org.eclipse.m2e.jdt.JarLifecycleMapping lifecycle mapping for MavenProject: upf.dad.s2:JAXRS-Seminar2:0.0.1-SNAPSHOT @ C:\Users\acrox\OneDrive\Documentos\GitHub\Project_DAD\Project_DAD\pom.xml.
2016-11-22 19:03:07,799 [Worker-4] WARN  o.e.m.c.i.embedder.EclipseLogger - Using platform encoding (Cp1252 actually) to copy filtered resources, i.e. build is platform dependent!
2016-11-22 19:03:07,809 [Worker-4] INFO  o.e.m.c.i.embedder.EclipseLogger - skip non existing resourceDirectory C:\Users\acrox\OneDrive\Documentos\GitHub\Project_DAD\Project_DAD\src\test\resources
2016-11-22 19:03:09,175 [Worker-10] WARN  o.e.m.c.i.embedder.EclipseLogger - Using platform encoding (Cp1252 actually) to copy filtered resources, i.e. build is platform dependent!
2016-11-22 19:03:09,192 [Worker-10] INFO  o.e.m.c.i.embedder.EclipseLogger - skip non existing resourceDirectory C:\Users\acrox\OneDrive\Documentos\GitHub\Project_DAD\Project_DAD\src\main\resources
2016-11-22 19:03:09,194 [Worker-10] WARN  o.e.m.c.i.embedder.EclipseLogger - Using platform encoding (Cp1252 actually) to copy filtered resources, i.e. build is platform dependent!
2016-11-22 19:03:09,203 [Worker-10] INFO  o.e.m.c.i.embedder.EclipseLogger - skip non existing resourceDirectory C:\Users\acrox\OneDrive\Documentos\GitHub\Project_DAD\Project_DAD\src\test\resources
2016-11-22 20:27:40,415 [Worker-33] WARN  o.e.m.c.i.embedder.EclipseLogger - Using platform encoding (Cp1252 actually) to copy filtered resources, i.e. build is platform dependent!
2016-11-22 20:27:40,522 [Worker-33] INFO  o.e.m.c.i.embedder.EclipseLogger - skip non existing resourceDirectory C:\Users\acrox\OneDrive\Documentos\GitHub\Project_DAD\Project_DAD\src\main\resources
2016-11-22 20:27:40,524 [Worker-33] WARN  o.e.m.c.i.embedder.EclipseLogger - Using platform encoding (Cp1252 actually) to copy filtered resources, i.e. build is platform dependent!
2016-11-22 20:27:40,543 [Worker-33] INFO  o.e.m.c.i.embedder.EclipseLogger - skip non existing resourceDirectory C:\Users\acrox\OneDrive\Documentos\GitHub\Project_DAD\Project_DAD\src\test\resources
2016-11-22 20:29:45,782 [Worker-35] WARN  o.e.m.c.i.embedder.EclipseLogger - Using platform encoding (Cp1252 actually) to copy filtered resources, i.e. build is platform dependent!
2016-11-22 20:29:45,833 [Worker-35] INFO  o.e.m.c.i.embedder.EclipseLogger - skip non existing resourceDirectory C:\Users\acrox\OneDrive\Documentos\GitHub\Project_DAD\Project_DAD\src\main\resources
2016-11-22 20:29:45,835 [Worker-35] WARN  o.e.m.c.i.embedder.EclipseLogger - Using platform encoding (Cp1252 actually) to copy filtered resources, i.e. build is platform dependent!
2016-11-22 20:29:45,843 [Worker-35] INFO  o.e.m.c.i.embedder.EclipseLogger - skip non existing resourceDirectory C:\Users\acrox\OneDrive\Documentos\GitHub\Project_DAD\Project_DAD\src\test\resources
2016-11-22 20:30:08,954 [Worker-33] WARN  o.e.m.c.i.embedder.EclipseLogger - Using platform encoding (Cp1252 actually) to copy filtered resources, i.e. build is platform dependent!
2016-11-22 20:30:08,972 [Worker-33] INFO  o.e.m.c.i.embedder.EclipseLogger - skip non existing resourceDirectory C:\Users\acrox\OneDrive\Documentos\GitHub\Project_DAD\Project_DAD\src\main\resources
2016-11-22 20:30:08,984 [Worker-33] WARN  o.e.m.c.i.embedder.EclipseLogger - Using platform encoding (Cp1252 actually) to copy filtered resources, i.e. build is platform dependent!
2016-11-22 20:30:09,007 [Worker-33] INFO  o.e.m.c.i.embedder.EclipseLogger - skip non existing resourceDirectory C:\Users\acrox\OneDrive\Documentos\GitHub\Project_DAD\Project_DAD\src\test\resources
2016-11-22 20:31:10,504 [Worker-33] WARN  o.e.m.c.i.embedder.EclipseLogger - Using platform encoding (Cp1252 actually) to copy filtered resources, i.e. build is platform dependent!
2016-11-22 20:31:10,733 [Worker-33] INFO  o.e.m.c.i.embedder.EclipseLogger - skip non existing resourceDirectory C:\Users\acrox\OneDrive\Documentos\GitHub\Project_DAD\Project_DAD\src\main\resources
2016-11-22 20:31:10,738 [Worker-33] WARN  o.e.m.c.i.embedder.EclipseLogger - Using platform encoding (Cp1252 actually) to copy filtered resources, i.e. build is platform dependent!
2016-11-22 20:31:10,748 [Worker-33] INFO  o.e.m.c.i.embedder.EclipseLogger - skip non existing resourceDirectory C:\Users\acrox\OneDrive\Documentos\GitHub\Project_DAD\Project_DAD\src\test\resources
2016-11-22 20:31:58,231 [Worker-29] WARN  o.e.m.c.i.embedder.EclipseLogger - Using platform encoding (Cp1252 actually) to copy filtered resources, i.e. build is platform dependent!
2016-11-22 20:31:58,355 [Worker-29] INFO  o.e.m.c.i.embedder.EclipseLogger - skip non existing resourceDirectory C:\Users\acrox\OneDrive\Documentos\GitHub\Project_DAD\Project_DAD\src\main\resources
2016-11-22 20:31:58,361 [Worker-29] WARN  o.e.m.c.i.embedder.EclipseLogger - Using platform encoding (Cp1252 actually) to copy filtered resources, i.e. build is platform dependent!
2016-11-22 20:31:58,374 [Worker-29] INFO  o.e.m.c.i.embedder.EclipseLogger - skip non existing resourceDirectory C:\Users\acrox\OneDrive\Documentos\GitHub\Project_DAD\Project_DAD\src\test\resources
2016-11-22 20:34:25,993 [Worker-34] WARN  o.e.m.c.i.embedder.EclipseLogger - Using platform encoding (Cp1252 actually) to copy filtered resources, i.e. build is platform dependent!
2016-11-22 20:34:26,076 [Worker-34] INFO  o.e.m.c.i.embedder.EclipseLogger - skip non existing resourceDirectory C:\Users\acrox\OneDrive\Documentos\GitHub\Project_DAD\Project_DAD\src\main\resources
2016-11-22 20:34:26,084 [Worker-34] WARN  o.e.m.c.i.embedder.EclipseLogger - Using platform encoding (Cp1252 actually) to copy filtered resources, i.e. build is platform dependent!
2016-11-22 20:34:26,093 [Worker-34] INFO  o.e.m.c.i.embedder.EclipseLogger - skip non existing resourceDirectory C:\Users\acrox\OneDrive\Documentos\GitHub\Project_DAD\Project_DAD\src\test\resources
2016-11-22 20:40:07,744 [Worker-32] WARN  o.e.m.c.i.embedder.EclipseLogger - Using platform encoding (Cp1252 actually) to copy filtered resources, i.e. build is platform dependent!
2016-11-22 20:40:07,787 [Worker-32] INFO  o.e.m.c.i.embedder.EclipseLogger - skip non existing resourceDirectory C:\Users\acrox\OneDrive\Documentos\GitHub\Project_DAD\Project_DAD\src\main\resources
2016-11-22 20:40:07,889 [Worker-32] WARN  o.e.m.c.i.embedder.EclipseLogger - Using platform encoding (Cp1252 actually) to copy filtered resources, i.e. build is platform dependent!
2016-11-22 20:40:07,920 [Worker-32] INFO  o.e.m.c.i.embedder.EclipseLogger - skip non existing resourceDirectory C:\Users\acrox\OneDrive\Documentos\GitHub\Project_DAD\Project_DAD\src\test\resources
2016-11-22 20:40:29,159 [Worker-34] WARN  o.e.m.c.i.embedder.EclipseLogger - Using platform encoding (Cp1252 actually) to copy filtered resources, i.e. build is platform dependent!
2016-11-22 20:40:29,167 [Worker-34] INFO  o.e.m.c.i.embedder.EclipseLogger - skip non existing resourceDirectory C:\Users\acrox\OneDrive\Documentos\GitHub\Project_DAD\Project_DAD\src\main\resources
2016-11-22 20:40:29,175 [Worker-34] WARN  o.e.m.c.i.embedder.EclipseLogger - Using platform encoding (Cp1252 actually) to copy filtered resources, i.e. build is platform dependent!
2016-11-22 20:40:29,184 [Worker-34] INFO  o.e.m.c.i.embedder.EclipseLogger - skip non existing resourceDirectory C:\Users\acrox\OneDrive\Documentos\GitHub\Project_DAD\Project_DAD\src\test\resources
2016-11-22 20:40:36,212 [Worker-32] WARN  o.e.m.c.i.embedder.EclipseLogger - Using platform encoding (Cp1252 actually) to copy filtered resources, i.e. build is platform dependent!
2016-11-22 20:40:36,225 [Worker-32] INFO  o.e.m.c.i.embedder.EclipseLogger - skip non existing resourceDirectory C:\Users\acrox\OneDrive\Documentos\GitHub\Project_DAD\Project_DAD\src\main\resources
2016-11-22 20:40:36,232 [Worker-32] WARN  o.e.m.c.i.embedder.EclipseLogger - Using platform encoding (Cp1252 actually) to copy filtered resources, i.e. build is platform dependent!
2016-11-22 20:40:36,245 [Worker-32] INFO  o.e.m.c.i.embedder.EclipseLogger - skip non existing resourceDirectory C:\Users\acrox\OneDrive\Documentos\GitHub\Project_DAD\Project_DAD\src\test\resources
2016-11-22 20:41:27,490 [Worker-35] WARN  o.e.m.c.i.embedder.EclipseLogger - Using platform encoding (Cp1252 actually) to copy filtered resources, i.e. build is platform dependent!
2016-11-22 20:41:27,510 [Worker-35] INFO  o.e.m.c.i.embedder.EclipseLogger - skip non existing resourceDirectory C:\Users\acrox\OneDrive\Documentos\GitHub\Project_DAD\Project_DAD\src\main\resources
2016-11-22 20:41:27,520 [Worker-35] WARN  o.e.m.c.i.embedder.EclipseLogger - Using platform encoding (Cp1252 actually) to copy filtered resources, i.e. build is platform dependent!
2016-11-22 20:41:27,535 [Worker-35] INFO  o.e.m.c.i.embedder.EclipseLogger - skip non existing resourceDirectory C:\Users\acrox\OneDrive\Documentos\GitHub\Project_DAD\Project_DAD\src\test\resources
2016-11-22 20:43:26,030 [Worker-33] WARN  o.e.m.c.i.embedder.EclipseLogger - Using platform encoding (Cp1252 actually) to copy filtered resources, i.e. build is platform dependent!
2016-11-22 20:43:26,045 [Worker-33] INFO  o.e.m.c.i.embedder.EclipseLogger - skip non existing resourceDirectory C:\Users\acrox\OneDrive\Documentos\GitHub\Project_DAD\Project_DAD\src\main\resources
2016-11-22 20:43:26,052 [Worker-33] WARN  o.e.m.c.i.embedder.EclipseLogger - Using platform encoding (Cp1252 actually) to copy filtered resources, i.e. build is platform dependent!
2016-11-22 20:43:26,066 [Worker-33] INFO  o.e.m.c.i.embedder.EclipseLogger - skip non existing resourceDirectory C:\Users\acrox\OneDrive\Documentos\GitHub\Project_DAD\Project_DAD\src\test\resources
2016-11-22 20:43:48,584 [Worker-27] WARN  o.e.m.c.i.embedder.EclipseLogger - Using platform encoding (Cp1252 actually) to copy filtered resources, i.e. build is platform dependent!
2016-11-22 20:43:48,627 [Worker-27] INFO  o.e.m.c.i.embedder.EclipseLogger - skip non existing resourceDirectory C:\Users\acrox\OneDrive\Documentos\GitHub\Project_DAD\Project_DAD\src\main\resources
2016-11-22 20:43:48,633 [Worker-27] WARN  o.e.m.c.i.embedder.EclipseLogger - Using platform encoding (Cp1252 actually) to copy filtered resources, i.e. build is platform dependent!
2016-11-22 20:43:48,648 [Worker-27] INFO  o.e.m.c.i.embedder.EclipseLogger - skip non existing resourceDirectory C:\Users\acrox\OneDrive\Documentos\GitHub\Project_DAD\Project_DAD\src\test\resources
2016-11-22 20:47:44,495 [Worker-38] WARN  o.e.m.c.i.embedder.EclipseLogger - Using platform encoding (Cp1252 actually) to copy filtered resources, i.e. build is platform dependent!
2016-11-22 20:47:44,522 [Worker-38] INFO  o.e.m.c.i.embedder.EclipseLogger - skip non existing resourceDirectory C:\Users\acrox\OneDrive\Documentos\GitHub\Project_DAD\Project_DAD\src\main\resources
2016-11-22 20:47:44,528 [Worker-38] WARN  o.e.m.c.i.embedder.EclipseLogger - Using platform encoding (Cp1252 actually) to copy filtered resources, i.e. build is platform dependent!
2016-11-22 20:47:44,539 [Worker-38] INFO  o.e.m.c.i.embedder.EclipseLogger - skip non existing resourceDirectory C:\Users\acrox\OneDrive\Documentos\GitHub\Project_DAD\Project_DAD\src\test\resources
2016-11-22 20:47:48,258 [Worker-33] WARN  o.e.m.c.i.embedder.EclipseLogger - Using platform encoding (Cp1252 actually) to copy filtered resources, i.e. build is platform dependent!
2016-11-22 20:47:48,279 [Worker-33] INFO  o.e.m.c.i.embedder.EclipseLogger - skip non existing resourceDirectory C:\Users\acrox\OneDrive\Documentos\GitHub\Project_DAD\Project_DAD\src\main\resources
2016-11-22 20:47:48,299 [Worker-33] WARN  o.e.m.c.i.embedder.EclipseLogger - Using platform encoding (Cp1252 actually) to copy filtered resources, i.e. build is platform dependent!
2016-11-22 20:47:48,318 [Worker-33] INFO  o.e.m.c.i.embedder.EclipseLogger - skip non existing resourceDirectory C:\Users\acrox\OneDrive\Documentos\GitHub\Project_DAD\Project_DAD\src\test\resources
2016-11-22 20:57:52,402 [Worker-32] WARN  o.e.m.c.i.embedder.EclipseLogger - Using platform encoding (Cp1252 actually) to copy filtered resources, i.e. build is platform dependent!
2016-11-22 20:57:52,423 [Worker-32] INFO  o.e.m.c.i.embedder.EclipseLogger - skip non existing resourceDirectory C:\Users\acrox\OneDrive\Documentos\GitHub\Project_DAD\Project_DAD\src\main\resources
2016-11-22 20:57:52,435 [Worker-32] WARN  o.e.m.c.i.embedder.EclipseLogger - Using platform encoding (Cp1252 actually) to copy filtered resources, i.e. build is platform dependent!
2016-11-22 20:57:52,450 [Worker-32] INFO  o.e.m.c.i.embedder.EclipseLogger - skip non existing resourceDirectory C:\Users\acrox\OneDrive\Documentos\GitHub\Project_DAD\Project_DAD\src\test\resources
